This file contains any messages produced by compilers while
running configure, to aid debugging if configure makes a mistake.

It was created by libjaylink configure 0.3.1, which was
generated by GNU Autoconf 2.69.  Invocation command line was

  $ /home/name/test_kit/arm-gnu-toolchain-13.3.rel1-x86_64-arm-none-eabi/tools/openocd-0.12.0/src/jtag/drivers/libjaylink/configure --enable-subproject-build --disable-option-checking --prefix=/usr/local PKG_CONFIG_PATH=/usr/local/lib64/pkgconfig:/usr/local/share/pkgconfig:/usr/lib64/pkgconfig:/usr/share/pkgconfig:/usr/local/lib64/pkgconfig:/usr/local/share/pkgconfig --cache-file=/dev/null --srcdir=. --no-create --no-recursion

## --------- ##
## Platform. ##
## --------- ##

hostname = mdvr.way.dmz
uname -m = x86_64
uname -r = 5.15.27
uname -s = Linux
uname -v = #6 SMP PREEMPT Mon Oct 28 11:34:43 CET 2024

/usr/bin/uname -p = Intel(R) Core(TM) i7-9700K CPU @ 3.60GHz
/bin/uname -X     = unknown

/bin/arch              = x86_64
/usr/bin/arch -k       = unknown
/usr/convex/getsysinfo = unknown
/usr/bin/hostinfo      = unknown
/bin/machine           = unknown
/usr/bin/oslevel       = unknown
/bin/universe          = unknown

PATH: /usr/local/bin
PATH: /usr/bin
PATH: /bin
PATH: /usr/games
PATH: /usr/lib64/java/bin
PATH: /usr/lib64/libexec/kf5
PATH: /usr/lib64/kde4/libexec
PATH: /usr/lib64/qt/bin
PATH: /usr/lib64/qt5/bin
PATH: /usr/share/texmf/bin
PATH: /home/name/scripts
PATH: /home/name/.local/bin


## ----------- ##
## Core tests. ##
## ----------- ##

configure:2198: checking build system type
configure:2212: result: x86_64-pc-linux-gnu
configure:2232: checking host system type
configure:2245: result: x86_64-pc-linux-gnu
configure:2282: checking for a BSD-compatible install
configure:2350: result: /usr/bin/ginstall -c
configure:2361: checking whether build environment is sane
configure:2416: result: yes
configure:2567: checking for a thread-safe mkdir -p
configure:2606: result: /usr/bin/mkdir -p
configure:2613: checking for gawk
configure:2629: found /usr/bin/gawk
configure:2640: result: gawk
configure:2651: checking whether make sets $(MAKE)
configure:2673: result: yes
configure:2702: checking whether make supports nested variables
configure:2719: result: yes
configure:2899: checking for gcc
configure:2915: found /usr/bin/gcc
configure:2926: result: gcc
configure:3155: checking for C compiler version
configure:3164: gcc --version >&5
gcc (GCC) 11.2.0
Copyright (C) 2021 Free Software Foundation, Inc.
This is free software; see the source for copying conditions.  There is NO
warranty; not even for MERCHANTABILITY or FITNESS FOR A PARTICULAR PURPOSE.

configure:3175: $? = 0
configure:3164: gcc -v >&5
Reading specs from /usr/lib64/gcc/x86_64-slackware-linux/11.2.0/specs
COLLECT_GCC=gcc
COLLECT_LTO_WRAPPER=/usr/libexec/gcc/x86_64-slackware-linux/11.2.0/lto-wrapper
Target: x86_64-slackware-linux
Configured with: ../configure --prefix=/usr --libdir=/usr/lib64 --mandir=/usr/man --infodir=/usr/info --enable-shared --enable-bootstrap --enable-languages=ada,brig,c,c++,d,fortran,go,lto,objc,obj-c++ --enable-threads=posix --enable-checking=release --enable-objc-gc --with-system-zlib --enable-libstdcxx-dual-abi --with-default-libstdcxx-abi=new --disable-libstdcxx-pch --disable-libunwind-exceptions --enable-__cxa_atexit --disable-libssp --enable-gnu-unique-object --enable-plugin --enable-lto --disable-install-libiberty --disable-werror --with-gnu-ld --with-isl --verbose --with-arch-directory=amd64 --disable-gtktest --enable-clocale=gnu --disable-multilib --target=x86_64-slackware-linux --build=x86_64-slackware-linux --host=x86_64-slackware-linux
Thread model: posix
Supported LTO compression algorithms: zlib zstd
gcc version 11.2.0 (GCC) 
configure:3175: $? = 0
configure:3164: gcc -V >&5
gcc: error: unrecognized command-line option '-V'
gcc: fatal error: no input files
compilation terminated.
configure:3175: $? = 1
configure:3164: gcc -qversion >&5
gcc: error: unrecognized command-line option '-qversion'; did you mean '--version'?
gcc: fatal error: no input files
compilation terminated.
configure:3175: $? = 1
configure:3195: checking whether the C compiler works
configure:3217: gcc    conftest.c  >&5
configure:3221: $? = 0
configure:3269: result: yes
configure:3272: checking for C compiler default output file name
configure:3274: result: a.out
configure:3280: checking for suffix of executables
configure:3287: gcc -o conftest    conftest.c  >&5
configure:3291: $? = 0
configure:3313: result: 
configure:3335: checking whether we are cross compiling
configure:3343: gcc -o conftest    conftest.c  >&5
configure:3347: $? = 0
configure:3354: ./conftest
configure:3358: $? = 0
configure:3373: result: no
configure:3378: checking for suffix of object files
configure:3400: gcc -c   conftest.c >&5
configure:3404: $? = 0
configure:3425: result: o
configure:3429: checking whether we are using the GNU C compiler
configure:3448: gcc -c   conftest.c >&5
configure:3448: $? = 0
configure:3457: result: yes
configure:3466: checking whether gcc accepts -g
configure:3486: gcc -c -g  conftest.c >&5
configure:3486: $? = 0
configure:3527: result: yes
configure:3544: checking for gcc option to accept ISO C89
configure:3607: gcc  -c -g -O2  conftest.c >&5
configure:3607: $? = 0
configure:3620: result: none needed
configure:3645: checking whether gcc understands -c and -o together
configure:3667: gcc -c conftest.c -o conftest2.o
configure:3670: $? = 0
configure:3667: gcc -c conftest.c -o conftest2.o
configure:3670: $? = 0
configure:3682: result: yes
configure:3702: checking whether make supports the include directive
configure:3717: make -f confmf.GNU && cat confinc.out
make[5]: Entering directory '/home/name/test_kit/arm-gnu-toolchain-13.3.rel1-x86_64-arm-none-eabi/tools/openocd-0.12.0/src/jtag/drivers/libjaylink'
make[5]: Leaving directory '/home/name/test_kit/arm-gnu-toolchain-13.3.rel1-x86_64-arm-none-eabi/tools/openocd-0.12.0/src/jtag/drivers/libjaylink'
this is the am__doit target
configure:3720: $? = 0
configure:3739: result: yes (GNU style)
configure:3764: checking dependency style of gcc
configure:3875: result: gcc3
configure:3891: checking for gcc option to accept ISO C99
configure:4040: gcc  -c -g -O2  conftest.c >&5
configure:4040: $? = 0
configure:4053: result: none needed
configure:4122: checking for ar
configure:4138: found /usr/bin/ar
configure:4149: result: ar
configure:4175: checking the archiver (ar) interface
configure:4191: gcc -c -g -O2  conftest.c >&5
configure:4191: $? = 0
configure:4193: ar cru libconftest.a conftest.o >&5
configure:4196: $? = 0
configure:4224: result: ar
configure:4292: checking how to print strings
configure:4319: result: printf
configure:4340: checking for a sed that does not truncate output
configure:4404: result: /usr/bin/sed
configure:4422: checking for grep that handles long lines and -e
configure:4480: result: /usr/bin/grep
configure:4485: checking for egrep
configure:4547: result: /usr/bin/grep -E
configure:4552: checking for fgrep
configure:4614: result: /usr/bin/grep -F
configure:4649: checking for ld used by gcc
configure:4716: result: /usr/x86_64-slackware-linux/bin/ld
configure:4723: checking if the linker (/usr/x86_64-slackware-linux/bin/ld) is GNU ld
configure:4738: result: yes
configure:4750: checking for BSD- or MS-compatible name lister (nm)
configure:4804: result: /usr/bin/nm -B
configure:4934: checking the name lister (/usr/bin/nm -B) interface
configure:4941: gcc -c -g -O2  conftest.c >&5
configure:4944: /usr/bin/nm -B "conftest.o"
configure:4947: output
0000000000000000 B some_variable
configure:4954: result: BSD nm
configure:4957: checking whether ln -s works
configure:4961: result: yes
configure:4969: checking the maximum length of command line arguments
configure:5100: result: 1572864
configure:5148: checking how to convert x86_64-pc-linux-gnu file names to x86_64-pc-linux-gnu format
configure:5188: result: func_convert_file_noop
configure:5195: checking how to convert x86_64-pc-linux-gnu file names to toolchain format
configure:5215: result: func_convert_file_noop
configure:5222: checking for /usr/x86_64-slackware-linux/bin/ld option to reload object files
configure:5229: result: -r
configure:5303: checking for objdump
configure:5319: found /usr/bin/objdump
configure:5330: result: objdump
configure:5362: checking how to recognize dependent libraries
configure:5562: result: pass_all
configure:5647: checking for dlltool
configure:5663: found /usr/bin/dlltool
configure:5674: result: dlltool
configure:5707: checking how to associate runtime and link libraries
configure:5734: result: printf %s\n
configure:5858: checking for archiver @FILE support
configure:5875: gcc -c -g -O2  conftest.c >&5
configure:5875: $? = 0
configure:5878: ar cru libconftest.a @conftest.lst >&5
configure:5881: $? = 0
configure:5886: ar cru libconftest.a @conftest.lst >&5
ar: conftest.o: No such file or directory
configure:5889: $? = 1
configure:5901: result: @
configure:5959: checking for strip
configure:5975: found /usr/bin/strip
configure:5986: result: strip
configure:6058: checking for ranlib
configure:6074: found /usr/bin/ranlib
configure:6085: result: ranlib
configure:6187: checking command to parse /usr/bin/nm -B output from gcc object
configure:6340: gcc -c -g -O2  conftest.c >&5
configure:6343: $? = 0
configure:6347: /usr/bin/nm -B conftest.o | sed -n -e 's/^.*[	 ]\([ABCDGIRSTW][ABCDGIRSTW]*\)[	 ][	 ]*\([_A-Za-z][_A-Za-z0-9]*\)$/\1 \2 \2/p' | sed '/ __gnu_lto/d' > conftest.nm
configure:6413: gcc -o conftest -g -O2   conftest.c conftstm.o >&5
configure:6416: $? = 0
configure:6454: result: ok
configure:6501: checking for sysroot
configure:6531: result: no
configure:6538: checking for a working dd
configure:6576: result: /usr/bin/dd
configure:6580: checking how to truncate binary pipes
configure:6595: result: /usr/bin/dd bs=4096 count=1
configure:6731: gcc -c -g -O2  conftest.c >&5
configure:6734: $? = 0
configure:6924: checking for mt
configure:6940: found /bin/mt
configure:6951: result: mt
configure:6974: checking if mt is a manifest tool
configure:6980: mt '-?'
usage: mt [-v] [--version] [-h] [ -f device ] command [ count ]
default tape device: /dev/tape
configure:6988: result: no
configure:7665: checking how to run the C preprocessor
configure:7696: gcc -E  conftest.c
configure:7696: $? = 0
configure:7710: gcc -E  conftest.c
conftest.c:11:10: fatal error: ac_nonexistent.h: No such file or directory
   11 | #include <ac_nonexistent.h>
      |          ^~~~~~~~~~~~~~~~~~
compilation terminated.
configure:7710: $? = 1
configure: failed program was:
| /* confdefs.h */
| #define PACKAGE_NAME "libjaylink"
| #define PACKAGE_TARNAME "libjaylink"
| #define PACKAGE_VERSION "0.3.1"
| #define PACKAGE_STRING "libjaylink 0.3.1"
| #define PACKAGE_BUGREPORT "dev@zapb.de"
| #define PACKAGE_URL "https://gitlab.zapb.de/libjaylink/libjaylink.git"
| #define PACKAGE "libjaylink"
| #define VERSION "0.3.1"
| /* end confdefs.h.  */
| #include <ac_nonexistent.h>
configure:7735: result: gcc -E
configure:7755: gcc -E  conftest.c
configure:7755: $? = 0
configure:7769: gcc -E  conftest.c
conftest.c:11:10: fatal error: ac_nonexistent.h: No such file or directory
   11 | #include <ac_nonexistent.h>
      |          ^~~~~~~~~~~~~~~~~~
compilation terminated.
configure:7769: $? = 1
configure: failed program was:
| /* confdefs.h */
| #define PACKAGE_NAME "libjaylink"
| #define PACKAGE_TARNAME "libjaylink"
| #define PACKAGE_VERSION "0.3.1"
| #define PACKAGE_STRING "libjaylink 0.3.1"
| #define PACKAGE_BUGREPORT "dev@zapb.de"
| #define PACKAGE_URL "https://gitlab.zapb.de/libjaylink/libjaylink.git"
| #define PACKAGE "libjaylink"
| #define VERSION "0.3.1"
| /* end confdefs.h.  */
| #include <ac_nonexistent.h>
configure:7798: checking for ANSI C header files
configure:7818: gcc -c -g -O2  conftest.c >&5
configure:7818: $? = 0
configure:7891: gcc -o conftest -g -O2   conftest.c  >&5
configure:7891: $? = 0
configure:7891: ./conftest
configure:7891: $? = 0
configure:7902: result: yes
configure:7915: checking for sys/types.h
configure:7915: gcc -c -g -O2  conftest.c >&5
configure:7915: $? = 0
configure:7915: result: yes
configure:7915: checking for sys/stat.h
configure:7915: gcc -c -g -O2  conftest.c >&5
configure:7915: $? = 0
configure:7915: result: yes
configure:7915: checking for stdlib.h
configure:7915: gcc -c -g -O2  conftest.c >&5
configure:7915: $? = 0
configure:7915: result: yes
configure:7915: checking for string.h
configure:7915: gcc -c -g -O2  conftest.c >&5
configure:7915: $? = 0
configure:7915: result: yes
configure:7915: checking for memory.h
configure:7915: gcc -c -g -O2  conftest.c >&5
configure:7915: $? = 0
configure:7915: result: yes
configure:7915: checking for strings.h
configure:7915: gcc -c -g -O2  conftest.c >&5
configure:7915: $? = 0
configure:7915: result: yes
configure:7915: checking for inttypes.h
configure:7915: gcc -c -g -O2  conftest.c >&5
configure:7915: $? = 0
configure:7915: result: yes
configure:7915: checking for stdint.h
configure:7915: gcc -c -g -O2  conftest.c >&5
configure:7915: $? = 0
configure:7915: result: yes
configure:7915: checking for unistd.h
configure:7915: gcc -c -g -O2  conftest.c >&5
configure:7915: $? = 0
configure:7915: result: yes
configure:7929: checking for dlfcn.h
configure:7929: gcc -c -g -O2  conftest.c >&5
configure:7929: $? = 0
configure:7929: result: yes
configure:8185: checking for objdir
configure:8200: result: .libs
configure:8464: checking if gcc supports -fno-rtti -fno-exceptions
configure:8482: gcc -c -g -O2  -fno-rtti -fno-exceptions conftest.c >&5
cc1: warning: command-line option '-fno-rtti' is valid for C++/D/ObjC++ but not for C
configure:8486: $? = 0
configure:8499: result: no
configure:8857: checking for gcc option to produce PIC
configure:8864: result: -fPIC -DPIC
configure:8872: checking if gcc PIC flag -fPIC -DPIC works
configure:8890: gcc -c -g -O2  -fPIC -DPIC -DPIC conftest.c >&5
configure:8894: $? = 0
configure:8907: result: yes
configure:8936: checking if gcc static flag -static works
configure:8964: result: yes
configure:8979: checking if gcc supports -c -o file.o
configure:9000: gcc -c -g -O2  -o out/conftest2.o conftest.c >&5
configure:9004: $? = 0
configure:9026: result: yes
configure:9034: checking if gcc supports -c -o file.o
configure:9081: result: yes
configure:9114: checking whether the gcc linker (/usr/x86_64-slackware-linux/bin/ld -m elf_x86_64) supports shared libraries
configure:10377: result: yes
configure:10414: checking whether -lc should be explicitly linked in
configure:10422: gcc -c -g -O2  conftest.c >&5
configure:10425: $? = 0
configure:10440: gcc -shared  -fPIC -DPIC conftest.o  -v -Wl,-soname -Wl,conftest -o conftest 2\>\&1 \| /usr/bin/grep  -lc  \>/dev/null 2\>\&1
configure:10443: $? = 0
configure:10457: result: no
configure:10617: checking dynamic linker characteristics
configure:11198: gcc -o conftest -g -O2   -Wl,-rpath -Wl,/foo conftest.c  >&5
configure:11198: $? = 0
configure:11447: result: GNU/Linux ld.so
configure:11569: checking how to hardcode library paths into programs
configure:11594: result: immediate
configure:12142: checking whether stripping libraries is possible
configure:12147: result: yes
configure:12182: checking if libtool supports shared libraries
configure:12184: result: yes
configure:12187: checking whether to build shared libraries
configure:12212: result: yes
configure:12215: checking whether to build static libraries
configure:12219: result: yes
configure:12312: checking for pkg-config
configure:12330: found /usr/bin/pkg-config
configure:12342: result: /usr/bin/pkg-config
configure:12367: checking pkg-config is at least version 0.9.0
configure:12370: result: yes
configure:12384: checking for libusb-1.0 >= 1.0.16
configure:12391: $PKG_CONFIG --exists --print-errors "libusb-1.0 >= 1.0.16"
configure:12394: $? = 0
configure:12408: $PKG_CONFIG --exists --print-errors "libusb-1.0 >= 1.0.16"
configure:12411: $? = 0
configure:12449: result: yes
configure:12463: checking whether byte ordering is bigendian
configure:12478: gcc -c -g -O2  conftest.c >&5
conftest.c:24:16: error: unknown type name 'not'
   24 |                not a universal capable compiler
      |                ^~~
conftest.c:24:22: error: expected '=', ',', ';', 'asm' or '__attribute__' before 'universal'
   24 |                not a universal capable compiler
      |                      ^~~~~~~~~
conftest.c:24:22: error: unknown type name 'universal'
configure:12478: $? = 1
configure: failed program was:
| /* confdefs.h */
| #define PACKAGE_NAME "libjaylink"
| #define PACKAGE_TARNAME "libjaylink"
| #define PACKAGE_VERSION "0.3.1"
| #define PACKAGE_STRING "libjaylink 0.3.1"
| #define PACKAGE_BUGREPORT "dev@zapb.de"
| #define PACKAGE_URL "https://gitlab.zapb.de/libjaylink/libjaylink.git"
| #define PACKAGE "libjaylink"
| #define VERSION "0.3.1"
| #define STDC_HEADERS 1
| #define HAVE_SYS_TYPES_H 1
| #define HAVE_SYS_STAT_H 1
| #define HAVE_STDLIB_H 1
| #define HAVE_STRING_H 1
| #define HAVE_MEMORY_H 1
| #define HAVE_STRINGS_H 1
| #define HAVE_INTTYPES_H 1
| #define HAVE_STDINT_H 1
| #define HAVE_UNISTD_H 1
| #define HAVE_DLFCN_H 1
| #define LT_OBJDIR ".libs/"
| /* end confdefs.h.  */
| #ifndef __APPLE_CC__
| 	       not a universal capable compiler
| 	     #endif
| 	     typedef int dummy;
| 
configure:12523: gcc -c -g -O2  conftest.c >&5
configure:12523: $? = 0
configure:12541: gcc -c -g -O2  conftest.c >&5
conftest.c: In function 'main':
conftest.c:30:18: error: unknown type name 'not'; did you mean 'ino_t'?
   30 |                  not big endian
      |                  ^~~
      |                  ino_t
conftest.c:30:26: error: expected '=', ',', ';', 'asm' or '__attribute__' before 'endian'
   30 |                  not big endian
      |                          ^~~~~~
configure:12541: $? = 1
configure: failed program was:
| /* confdefs.h */
| #define PACKAGE_NAME "libjaylink"
| #define PACKAGE_TARNAME "libjaylink"
| #define PACKAGE_VERSION "0.3.1"
| #define PACKAGE_STRING "libjaylink 0.3.1"
| #define PACKAGE_BUGREPORT "dev@zapb.de"
| #define PACKAGE_URL "https://gitlab.zapb.de/libjaylink/libjaylink.git"
| #define PACKAGE "libjaylink"
| #define VERSION "0.3.1"
| #define STDC_HEADERS 1
| #define HAVE_SYS_TYPES_H 1
| #define HAVE_SYS_STAT_H 1
| #define HAVE_STDLIB_H 1
| #define HAVE_STRING_H 1
| #define HAVE_MEMORY_H 1
| #define HAVE_STRINGS_H 1
| #define HAVE_INTTYPES_H 1
| #define HAVE_STDINT_H 1
| #define HAVE_UNISTD_H 1
| #define HAVE_DLFCN_H 1
| #define LT_OBJDIR ".libs/"
| /* end confdefs.h.  */
| #include <sys/types.h>
| 		#include <sys/param.h>
| 
| int
| main ()
| {
| #if BYTE_ORDER != BIG_ENDIAN
| 		 not big endian
| 		#endif
| 
|   ;
|   return 0;
| }
configure:12669: result: no
configure:12933: checking that generated files are newer than configure
configure:12939: result: done
configure:12971: creating ./config.status

## ---------------- ##
## Cache variables. ##
## ---------------- ##

ac_cv_build=x86_64-pc-linux-gnu
ac_cv_c_bigendian=no
ac_cv_c_compiler_gnu=yes
ac_cv_env_CC_set=
ac_cv_env_CC_value=
ac_cv_env_CFLAGS_set=
ac_cv_env_CFLAGS_value=
ac_cv_env_CPPFLAGS_set=
ac_cv_env_CPPFLAGS_value=
ac_cv_env_CPP_set=
ac_cv_env_CPP_value=
ac_cv_env_LDFLAGS_set=
ac_cv_env_LDFLAGS_value=
ac_cv_env_LIBS_set=
ac_cv_env_LIBS_value=
ac_cv_env_LT_SYS_LIBRARY_PATH_set=
ac_cv_env_LT_SYS_LIBRARY_PATH_value=
ac_cv_env_PKG_CONFIG_LIBDIR_set=
ac_cv_env_PKG_CONFIG_LIBDIR_value=
ac_cv_env_PKG_CONFIG_PATH_set=set
ac_cv_env_PKG_CONFIG_PATH_value=/usr/local/lib64/pkgconfig:/usr/local/share/pkgconfig:/usr/lib64/pkgconfig:/usr/share/pkgconfig:/usr/local/lib64/pkgconfig:/usr/local/share/pkgconfig
ac_cv_env_PKG_CONFIG_set=
ac_cv_env_PKG_CONFIG_value=
ac_cv_env_build_alias_set=
ac_cv_env_build_alias_value=
ac_cv_env_host_alias_set=
ac_cv_env_host_alias_value=
ac_cv_env_libusb_CFLAGS_set=
ac_cv_env_libusb_CFLAGS_value=
ac_cv_env_libusb_LIBS_set=
ac_cv_env_libusb_LIBS_value=
ac_cv_env_target_alias_set=
ac_cv_env_target_alias_value=
ac_cv_header_dlfcn_h=yes
ac_cv_header_inttypes_h=yes
ac_cv_header_memory_h=yes
ac_cv_header_stdc=yes
ac_cv_header_stdint_h=yes
ac_cv_header_stdlib_h=yes
ac_cv_header_string_h=yes
ac_cv_header_strings_h=yes
ac_cv_header_sys_stat_h=yes
ac_cv_header_sys_types_h=yes
ac_cv_header_unistd_h=yes
ac_cv_host=x86_64-pc-linux-gnu
ac_cv_objext=o
ac_cv_path_EGREP='/usr/bin/grep -E'
ac_cv_path_FGREP='/usr/bin/grep -F'
ac_cv_path_GREP=/usr/bin/grep
ac_cv_path_SED=/usr/bin/sed
ac_cv_path_ac_pt_PKG_CONFIG=/usr/bin/pkg-config
ac_cv_path_install='/usr/bin/ginstall -c'
ac_cv_path_lt_DD=/usr/bin/dd
ac_cv_path_mkdir=/usr/bin/mkdir
ac_cv_prog_AWK=gawk
ac_cv_prog_CPP='gcc -E'
ac_cv_prog_ac_ct_AR=ar
ac_cv_prog_ac_ct_CC=gcc
ac_cv_prog_ac_ct_DLLTOOL=dlltool
ac_cv_prog_ac_ct_MANIFEST_TOOL=mt
ac_cv_prog_ac_ct_OBJDUMP=objdump
ac_cv_prog_ac_ct_RANLIB=ranlib
ac_cv_prog_ac_ct_STRIP=strip
ac_cv_prog_cc_c89=
ac_cv_prog_cc_c99=
ac_cv_prog_cc_g=yes
ac_cv_prog_make_make_set=yes
am_cv_CC_dependencies_compiler_type=gcc3
am_cv_ar_interface=ar
am_cv_make_support_nested_variables=yes
am_cv_prog_cc_c_o=yes
lt_cv_ar_at_file=@
lt_cv_archive_cmds_need_lc=no
lt_cv_deplibs_check_method=pass_all
lt_cv_file_magic_cmd='$MAGIC_CMD'
lt_cv_file_magic_test_file=
lt_cv_ld_reload_flag=-r
lt_cv_nm_interface='BSD nm'
lt_cv_objdir=.libs
lt_cv_path_LD=/usr/x86_64-slackware-linux/bin/ld
lt_cv_path_NM='/usr/bin/nm -B'
lt_cv_path_mainfest_tool=no
lt_cv_prog_compiler_c_o=yes
lt_cv_prog_compiler_pic='-fPIC -DPIC'
lt_cv_prog_compiler_pic_works=yes
lt_cv_prog_compiler_rtti_exceptions=no
lt_cv_prog_compiler_static_works=yes
lt_cv_prog_gnu_ld=yes
lt_cv_sharedlib_from_linklib_cmd='printf %s\n'
lt_cv_shlibpath_overrides_runpath=no
lt_cv_sys_global_symbol_pipe='sed -n -e '\''s/^.*[	 ]\([ABCDGIRSTW][ABCDGIRSTW]*\)[	 ][	 ]*\([_A-Za-z][_A-Za-z0-9]*\)$/\1 \2 \2/p'\'' | sed '\''/ __gnu_lto/d'\'''
lt_cv_sys_global_symbol_to_c_name_address='sed -n -e '\''s/^: \(.*\) .*$/  {"\1", (void *) 0},/p'\'' -e '\''s/^[ABCDGIRSTW][ABCDGIRSTW]* .* \(.*\)$/  {"\1", (void *) \&\1},/p'\'''
lt_cv_sys_global_symbol_to_c_name_address_lib_prefix='sed -n -e '\''s/^: \(.*\) .*$/  {"\1", (void *) 0},/p'\'' -e '\''s/^[ABCDGIRSTW][ABCDGIRSTW]* .* \(lib.*\)$/  {"\1", (void *) \&\1},/p'\'' -e '\''s/^[ABCDGIRSTW][ABCDGIRSTW]* .* \(.*\)$/  {"lib\1", (void *) \&\1},/p'\'''
lt_cv_sys_global_symbol_to_cdecl='sed -n -e '\''s/^T .* \(.*\)$/extern int \1();/p'\'' -e '\''s/^[ABCDGIRSTW][ABCDGIRSTW]* .* \(.*\)$/extern char \1;/p'\'''
lt_cv_sys_global_symbol_to_import=
lt_cv_sys_max_cmd_len=1572864
lt_cv_to_host_file_cmd=func_convert_file_noop
lt_cv_to_tool_file_cmd=func_convert_file_noop
lt_cv_truncate_bin='/usr/bin/dd bs=4096 count=1'
pkg_cv_libusb_CFLAGS=-I/usr/include/libusb-1.0
pkg_cv_libusb_LIBS=-lusb-1.0

## ----------------- ##
## Output variables. ##
## ----------------- ##

ACLOCAL='${SHELL} /home/name/test_kit/arm-gnu-toolchain-13.3.rel1-x86_64-arm-none-eabi/tools/openocd-0.12.0/src/jtag/drivers/libjaylink/build-aux/missing aclocal-1.16'
AMDEPBACKSLASH='\'
AMDEP_FALSE='#'
AMDEP_TRUE=''
AMTAR='$${TAR-tar}'
AM_BACKSLASH='\'
AM_DEFAULT_V='$(AM_DEFAULT_VERBOSITY)'
AM_DEFAULT_VERBOSITY='1'
AM_LIBTOOLFLAGS='--silent'
AM_V='$(V)'
AR='ar'
AUTOCONF='${SHELL} /home/name/test_kit/arm-gnu-toolchain-13.3.rel1-x86_64-arm-none-eabi/tools/openocd-0.12.0/src/jtag/drivers/libjaylink/build-aux/missing autoconf'
AUTOHEADER='${SHELL} /home/name/test_kit/arm-gnu-toolchain-13.3.rel1-x86_64-arm-none-eabi/tools/openocd-0.12.0/src/jtag/drivers/libjaylink/build-aux/missing autoheader'
AUTOMAKE='${SHELL} /home/name/test_kit/arm-gnu-toolchain-13.3.rel1-x86_64-arm-none-eabi/tools/openocd-0.12.0/src/jtag/drivers/libjaylink/build-aux/missing automake-1.16'
AWK='gawk'
CC='gcc'
CCDEPMODE='depmode=gcc3'
CFLAGS='-g -O2'
CPP='gcc -E'
CPPFLAGS=''
CYGPATH_W='echo'
DEFS='-DHAVE_CONFIG_H'
DEPDIR='.deps'
DLLTOOL='dlltool'
DSYMUTIL=''
DUMPBIN=''
ECHO_C=''
ECHO_N='-n'
ECHO_T=''
EGREP='/usr/bin/grep -E'
EXEEXT=''
FGREP='/usr/bin/grep -F'
GREP='/usr/bin/grep'
HAVE_LIBUSB_FALSE='#'
HAVE_LIBUSB_TRUE=''
INSTALL_DATA='${INSTALL} -m 644'
INSTALL_PROGRAM='${INSTALL}'
INSTALL_SCRIPT='${INSTALL}'
INSTALL_STRIP_PROGRAM='$(install_sh) -c -s'
JAYLINK_CFLAGS='-Wall -Wextra -Werror -fvisibility=hidden'
JAYLINK_LDFLAGS=''
JAYLINK_LIBS=''
JAYLINK_PKG_LIBS='libusb-1.0'
JAYLINK_VERSION_LIBRARY='2:0:2'
JAYLINK_VERSION_LIBRARY_AGE='2'
JAYLINK_VERSION_LIBRARY_CURRENT='2'
JAYLINK_VERSION_LIBRARY_REVISION='0'
JAYLINK_VERSION_PACKAGE='0.3.1'
JAYLINK_VERSION_PACKAGE_MAJOR='0'
JAYLINK_VERSION_PACKAGE_MICRO='1'
JAYLINK_VERSION_PACKAGE_MINOR='3'
LD='/usr/x86_64-slackware-linux/bin/ld -m elf_x86_64'
LDFLAGS=''
LIBOBJS=''
LIBS=''
LIBTOOL='$(SHELL) $(top_builddir)/libtool'
LIPO=''
LN_S='ln -s'
LTLIBOBJS=''
LT_SYS_LIBRARY_PATH=''
MAKEINFO='${SHELL} /home/name/test_kit/arm-gnu-toolchain-13.3.rel1-x86_64-arm-none-eabi/tools/openocd-0.12.0/src/jtag/drivers/libjaylink/build-aux/missing makeinfo'
MANIFEST_TOOL=':'
MKDIR_P='/usr/bin/mkdir -p'
NM='/usr/bin/nm -B'
NMEDIT=''
OBJDUMP='objdump'
OBJEXT='o'
OTOOL64=''
OTOOL=''
PACKAGE='libjaylink'
PACKAGE_BUGREPORT='dev@zapb.de'
PACKAGE_NAME='libjaylink'
PACKAGE_STRING='libjaylink 0.3.1'
PACKAGE_TARNAME='libjaylink'
PACKAGE_URL='https://gitlab.zapb.de/libjaylink/libjaylink.git'
PACKAGE_VERSION='0.3.1'
PATH_SEPARATOR=':'
PKG_CONFIG='/usr/bin/pkg-config'
PKG_CONFIG_LIBDIR=''
PKG_CONFIG_PATH='/usr/local/lib64/pkgconfig:/usr/local/share/pkgconfig:/usr/lib64/pkgconfig:/usr/share/pkgconfig:/usr/local/lib64/pkgconfig:/usr/local/share/pkgconfig'
RANLIB='ranlib'
SED='/usr/bin/sed'
SET_MAKE=''
SHELL='/bin/sh'
STRIP='strip'
SUBPROJECT_BUILD_FALSE='#'
SUBPROJECT_BUILD_TRUE=''
VERSION='0.3.1'
ac_ct_AR='ar'
ac_ct_CC='gcc'
ac_ct_DUMPBIN=''
am__EXEEXT_FALSE=''
am__EXEEXT_TRUE='#'
am__fastdepCC_FALSE='#'
am__fastdepCC_TRUE=''
am__include='include'
am__isrc=''
am__leading_dot='.'
am__nodep='_no'
am__quote=''
am__tar='$${TAR-tar} chof - "$$tardir"'
am__untar='$${TAR-tar} xf -'
bindir='${exec_prefix}/bin'
build='x86_64-pc-linux-gnu'
build_alias=''
build_cpu='x86_64'
build_os='linux-gnu'
build_vendor='pc'
datadir='${datarootdir}'
datarootdir='${prefix}/share'
docdir='${datarootdir}/doc/${PACKAGE_TARNAME}'
dvidir='${docdir}'
exec_prefix='${prefix}'
host='x86_64-pc-linux-gnu'
host_alias=''
host_cpu='x86_64'
host_os='linux-gnu'
host_vendor='pc'
htmldir='${docdir}'
includedir='${prefix}/include'
infodir='${datarootdir}/info'
install_sh='${SHELL} /home/name/test_kit/arm-gnu-toolchain-13.3.rel1-x86_64-arm-none-eabi/tools/openocd-0.12.0/src/jtag/drivers/libjaylink/build-aux/install-sh'
libdir='${exec_prefix}/lib'
libexecdir='${exec_prefix}/libexec'
libusb_CFLAGS='-I/usr/include/libusb-1.0'
libusb_LIBS='-lusb-1.0'
localedir='${datarootdir}/locale'
localstatedir='${prefix}/var'
mandir='${datarootdir}/man'
mkdir_p='$(MKDIR_P)'
oldincludedir='/usr/include'
pdfdir='${docdir}'
prefix='/usr/local'
program_transform_name='s,x,x,'
psdir='${docdir}'
sbindir='${exec_prefix}/sbin'
sharedstatedir='${prefix}/com'
sysconfdir='${prefix}/etc'
target_alias=''

## ----------- ##
## confdefs.h. ##
## ----------- ##

/* confdefs.h */
#define PACKAGE_NAME "libjaylink"
#define PACKAGE_TARNAME "libjaylink"
#define PACKAGE_VERSION "0.3.1"
#define PACKAGE_STRING "libjaylink 0.3.1"
#define PACKAGE_BUGREPORT "dev@zapb.de"
#define PACKAGE_URL "https://gitlab.zapb.de/libjaylink/libjaylink.git"
#define PACKAGE "libjaylink"
#define VERSION "0.3.1"
#define STDC_HEADERS 1
#define HAVE_SYS_TYPES_H 1
#define HAVE_SYS_STAT_H 1
#define HAVE_STDLIB_H 1
#define HAVE_STRING_H 1
#define HAVE_MEMORY_H 1
#define HAVE_STRINGS_H 1
#define HAVE_INTTYPES_H 1
#define HAVE_STDINT_H 1
#define HAVE_UNISTD_H 1
#define HAVE_DLFCN_H 1
#define LT_OBJDIR ".libs/"
#define HAVE_LIBUSB 1

configure: exit 0

## ---------------------- ##
## Running config.status. ##
## ---------------------- ##

This file was extended by libjaylink config.status 0.3.1, which was
generated by GNU Autoconf 2.69.  Invocation command line was

  CONFIG_FILES    = 
  CONFIG_HEADERS  = 
  CONFIG_LINKS    = 
  CONFIG_COMMANDS = 
  $ ./config.status 

on mdvr.way.dmz

config.status:1117: creating Makefile
config.status:1117: creating libjaylink/Makefile
config.status:1117: creating libjaylink/version.h
config.status:1117: creating libjaylink.pc
config.status:1117: creating Doxyfile
config.status:1117: creating config.h
config.status:1298: config.h is unchanged
config.status:1346: executing depfiles commands
config.status:1423: cd libjaylink       && sed -e '/# am--include-marker/d' Makefile         | make -f - am--depfiles
make[5]: Entering directory '/home/name/test_kit/arm-gnu-toolchain-13.3.rel1-x86_64-arm-none-eabi/tools/openocd-0.12.0/src/jtag/drivers/libjaylink/libjaylink'
make[5]: Leaving directory '/home/name/test_kit/arm-gnu-toolchain-13.3.rel1-x86_64-arm-none-eabi/tools/openocd-0.12.0/src/jtag/drivers/libjaylink/libjaylink'
config.status:1428: $? = 0
config.status:1346: executing libtool commands

## ---------------------- ##
## Running config.status. ##
## ---------------------- ##

This file was extended by libjaylink config.status 0.3.1, which was
generated by GNU Autoconf 2.69.  Invocation command line was

  CONFIG_FILES    = 
  CONFIG_HEADERS  = 
  CONFIG_LINKS    = 
  CONFIG_COMMANDS = 
  $ ./config.status config.h

on mdvr.way.dmz

config.status:1117: creating config.h
config.status:1298: config.h is unchanged
