This file contains any messages produced by compilers while
running configure, to aid debugging if configure makes a mistake.

It was created by openocd configure 0.12.0, which was
generated by GNU Autoconf 2.69.  Invocation command line was

  $ ./configure 

## --------- ##
## Platform. ##
## --------- ##

hostname = mdvr.way.dmz
uname -m = x86_64
uname -r = 5.15.27
uname -s = Linux
uname -v = #6 SMP PREEMPT Mon Oct 28 11:34:43 CET 2024

/usr/bin/uname -p = Intel(R) Core(TM) i7-9700K CPU @ 3.60GHz
/bin/uname -X     = unknown

/bin/arch              = x86_64
/usr/bin/arch -k       = unknown
/usr/convex/getsysinfo = unknown
/usr/bin/hostinfo      = unknown
/bin/machine           = unknown
/usr/bin/oslevel       = unknown
/bin/universe          = unknown

PATH: /home/name/test_kit/arm-gnu-toolchain-13.3.rel1-x86_64-arm-none-eabi/bin
PATH: /usr/local/bin
PATH: /usr/bin
PATH: /bin
PATH: /usr/games
PATH: /usr/lib64/java/bin
PATH: /usr/lib64/libexec/kf5
PATH: /usr/lib64/kde4/libexec
PATH: /usr/lib64/qt/bin
PATH: /usr/lib64/qt5/bin
PATH: /usr/share/texmf/bin
PATH: /home/name/scripts
PATH: /home/name/.local/bin


## ----------- ##
## Core tests. ##
## ----------- ##

configure:2651: checking for makeinfo
configure:2667: found /usr/bin/makeinfo
configure:2678: result: makeinfo
configure:2711: checking for a BSD-compatible install
configure:2779: result: /usr/bin/ginstall -c
configure:2790: checking whether build environment is sane
configure:2845: result: yes
configure:2991: checking for a thread-safe mkdir -p
configure:3030: result: /usr/bin/mkdir -p
configure:3037: checking for gawk
configure:3053: found /usr/bin/gawk
configure:3064: result: gawk
configure:3075: checking whether make sets $(MAKE)
configure:3097: result: yes
configure:3126: checking whether make supports nested variables
configure:3143: result: yes
configure:3327: checking for gcc
configure:3343: found /usr/bin/gcc
configure:3354: result: gcc
configure:3583: checking for C compiler version
configure:3592: gcc --version >&5
gcc (GCC) 11.2.0
Copyright (C) 2021 Free Software Foundation, Inc.
This is free software; see the source for copying conditions.  There is NO
warranty; not even for MERCHANTABILITY or FITNESS FOR A PARTICULAR PURPOSE.

configure:3603: $? = 0
configure:3592: gcc -v >&5
Reading specs from /usr/lib64/gcc/x86_64-slackware-linux/11.2.0/specs
COLLECT_GCC=gcc
COLLECT_LTO_WRAPPER=/usr/libexec/gcc/x86_64-slackware-linux/11.2.0/lto-wrapper
Target: x86_64-slackware-linux
Configured with: ../configure --prefix=/usr --libdir=/usr/lib64 --mandir=/usr/man --infodir=/usr/info --enable-shared --enable-bootstrap --enable-languages=ada,brig,c,c++,d,fortran,go,lto,objc,obj-c++ --enable-threads=posix --enable-checking=release --enable-objc-gc --with-system-zlib --enable-libstdcxx-dual-abi --with-default-libstdcxx-abi=new --disable-libstdcxx-pch --disable-libunwind-exceptions --enable-__cxa_atexit --disable-libssp --enable-gnu-unique-object --enable-plugin --enable-lto --disable-install-libiberty --disable-werror --with-gnu-ld --with-isl --verbose --with-arch-directory=amd64 --disable-gtktest --enable-clocale=gnu --disable-multilib --target=x86_64-slackware-linux --build=x86_64-slackware-linux --host=x86_64-slackware-linux
Thread model: posix
Supported LTO compression algorithms: zlib zstd
gcc version 11.2.0 (GCC) 
configure:3603: $? = 0
configure:3592: gcc -V >&5
gcc: error: unrecognized command-line option '-V'
gcc: fatal error: no input files
compilation terminated.
configure:3603: $? = 1
configure:3592: gcc -qversion >&5
gcc: error: unrecognized command-line option '-qversion'; did you mean '--version'?
gcc: fatal error: no input files
compilation terminated.
configure:3603: $? = 1
configure:3623: checking whether the C compiler works
configure:3645: gcc    conftest.c  >&5
configure:3649: $? = 0
configure:3697: result: yes
configure:3700: checking for C compiler default output file name
configure:3702: result: a.out
configure:3708: checking for suffix of executables
configure:3715: gcc -o conftest    conftest.c  >&5
configure:3719: $? = 0
configure:3741: result: 
configure:3763: checking whether we are cross compiling
configure:3771: gcc -o conftest    conftest.c  >&5
configure:3775: $? = 0
configure:3782: ./conftest
configure:3786: $? = 0
configure:3801: result: no
configure:3806: checking for suffix of object files
configure:3828: gcc -c   conftest.c >&5
configure:3832: $? = 0
configure:3853: result: o
configure:3857: checking whether we are using the GNU C compiler
configure:3876: gcc -c   conftest.c >&5
configure:3876: $? = 0
configure:3885: result: yes
configure:3894: checking whether gcc accepts -g
configure:3914: gcc -c -g  conftest.c >&5
configure:3914: $? = 0
configure:3955: result: yes
configure:3972: checking for gcc option to accept ISO C89
configure:4035: gcc  -c -g -O2  conftest.c >&5
configure:4035: $? = 0
configure:4048: result: none needed
configure:4073: checking whether gcc understands -c and -o together
configure:4095: gcc -c conftest.c -o conftest2.o
configure:4098: $? = 0
configure:4095: gcc -c conftest.c -o conftest2.o
configure:4098: $? = 0
configure:4110: result: yes
configure:4130: checking whether make supports the include directive
configure:4145: make -f confmf.GNU && cat confinc.out
this is the am__doit target
configure:4148: $? = 0
configure:4167: result: yes (GNU style)
configure:4192: checking dependency style of gcc
configure:4303: result: gcc3
configure:4319: checking for gcc option to accept ISO C99
configure:4468: gcc  -c -g -O2  conftest.c >&5
configure:4468: $? = 0
configure:4481: result: none needed
configure:4540: checking for ranlib
configure:4556: found /usr/bin/ranlib
configure:4567: result: ranlib
configure:4647: checking for pkg-config
configure:4665: found /usr/bin/pkg-config
configure:4677: result: /usr/bin/pkg-config
configure:4702: checking pkg-config is at least version 0.23
configure:4705: result: yes
configure:4777: checking build system type
configure:4791: result: x86_64-pc-linux-gnu
configure:4811: checking host system type
configure:4824: result: x86_64-pc-linux-gnu
configure:4865: checking how to print strings
configure:4892: result: printf
configure:4913: checking for a sed that does not truncate output
configure:4977: result: /usr/bin/sed
configure:4995: checking for grep that handles long lines and -e
configure:5053: result: /usr/bin/grep
configure:5058: checking for egrep
configure:5120: result: /usr/bin/grep -E
configure:5125: checking for fgrep
configure:5187: result: /usr/bin/grep -F
configure:5222: checking for ld used by gcc
configure:5289: result: /usr/x86_64-slackware-linux/bin/ld
configure:5296: checking if the linker (/usr/x86_64-slackware-linux/bin/ld) is GNU ld
configure:5311: result: yes
configure:5323: checking for BSD- or MS-compatible name lister (nm)
configure:5377: result: /usr/bin/nm -B
configure:5507: checking the name lister (/usr/bin/nm -B) interface
configure:5514: gcc -c -g -O2  conftest.c >&5
configure:5517: /usr/bin/nm -B "conftest.o"
configure:5520: output
0000000000000000 B some_variable
configure:5527: result: BSD nm
configure:5530: checking whether ln -s works
configure:5534: result: yes
configure:5542: checking the maximum length of command line arguments
configure:5673: result: 1572864
configure:5721: checking how to convert x86_64-pc-linux-gnu file names to x86_64-pc-linux-gnu format
configure:5761: result: func_convert_file_noop
configure:5768: checking how to convert x86_64-pc-linux-gnu file names to toolchain format
configure:5788: result: func_convert_file_noop
configure:5795: checking for /usr/x86_64-slackware-linux/bin/ld option to reload object files
configure:5802: result: -r
configure:5876: checking for objdump
configure:5892: found /usr/bin/objdump
configure:5903: result: objdump
configure:5935: checking how to recognize dependent libraries
configure:6135: result: pass_all
configure:6220: checking for dlltool
configure:6236: found /usr/bin/dlltool
configure:6247: result: dlltool
configure:6280: checking how to associate runtime and link libraries
configure:6307: result: printf %s\n
configure:6368: checking for ar
configure:6384: found /usr/bin/ar
configure:6395: result: ar
configure:6432: checking for archiver @FILE support
configure:6449: gcc -c -g -O2  conftest.c >&5
configure:6449: $? = 0
configure:6452: ar cr libconftest.a @conftest.lst >&5
configure:6455: $? = 0
configure:6460: ar cr libconftest.a @conftest.lst >&5
ar: conftest.o: No such file or directory
configure:6463: $? = 1
configure:6475: result: @
configure:6533: checking for strip
configure:6549: found /usr/bin/strip
configure:6560: result: strip
configure:6632: checking for ranlib
configure:6659: result: ranlib
configure:6761: checking command to parse /usr/bin/nm -B output from gcc object
configure:6914: gcc -c -g -O2  conftest.c >&5
configure:6917: $? = 0
configure:6921: /usr/bin/nm -B conftest.o | sed -n -e 's/^.*[	 ]\([ABCDGIRSTW][ABCDGIRSTW]*\)[	 ][	 ]*\([_A-Za-z][_A-Za-z0-9]*\)$/\1 \2 \2/p' | sed '/ __gnu_lto/d' > conftest.nm
configure:6987: gcc -o conftest -g -O2   conftest.c conftstm.o >&5
configure:6990: $? = 0
configure:7028: result: ok
configure:7075: checking for sysroot
configure:7105: result: no
configure:7112: checking for a working dd
configure:7150: result: /usr/bin/dd
configure:7154: checking how to truncate binary pipes
configure:7169: result: /usr/bin/dd bs=4096 count=1
configure:7305: gcc -c -g -O2  conftest.c >&5
configure:7308: $? = 0
configure:7498: checking for mt
configure:7514: found /bin/mt
configure:7525: result: mt
configure:7548: checking if mt is a manifest tool
configure:7554: mt '-?'
usage: mt [-v] [--version] [-h] [ -f device ] command [ count ]
default tape device: /dev/tape
configure:7562: result: no
configure:8239: checking how to run the C preprocessor
configure:8270: gcc -E  conftest.c
configure:8270: $? = 0
configure:8284: gcc -E  conftest.c
conftest.c:11:10: fatal error: ac_nonexistent.h: No such file or directory
   11 | #include <ac_nonexistent.h>
      |          ^~~~~~~~~~~~~~~~~~
compilation terminated.
configure:8284: $? = 1
configure: failed program was:
| /* confdefs.h */
| #define PACKAGE_NAME "openocd"
| #define PACKAGE_TARNAME "openocd"
| #define PACKAGE_VERSION "0.12.0"
| #define PACKAGE_STRING "openocd 0.12.0"
| #define PACKAGE_BUGREPORT "OpenOCD Mailing List <openocd-devel@lists.sourceforge.net>"
| #define PACKAGE_URL ""
| #define PACKAGE "openocd"
| #define VERSION "0.12.0"
| /* end confdefs.h.  */
| #include <ac_nonexistent.h>
configure:8309: result: gcc -E
configure:8329: gcc -E  conftest.c
configure:8329: $? = 0
configure:8343: gcc -E  conftest.c
conftest.c:11:10: fatal error: ac_nonexistent.h: No such file or directory
   11 | #include <ac_nonexistent.h>
      |          ^~~~~~~~~~~~~~~~~~
compilation terminated.
configure:8343: $? = 1
configure: failed program was:
| /* confdefs.h */
| #define PACKAGE_NAME "openocd"
| #define PACKAGE_TARNAME "openocd"
| #define PACKAGE_VERSION "0.12.0"
| #define PACKAGE_STRING "openocd 0.12.0"
| #define PACKAGE_BUGREPORT "OpenOCD Mailing List <openocd-devel@lists.sourceforge.net>"
| #define PACKAGE_URL ""
| #define PACKAGE "openocd"
| #define VERSION "0.12.0"
| /* end confdefs.h.  */
| #include <ac_nonexistent.h>
configure:8372: checking for ANSI C header files
configure:8392: gcc -c -g -O2  conftest.c >&5
configure:8392: $? = 0
configure:8465: gcc -o conftest -g -O2   conftest.c  >&5
configure:8465: $? = 0
configure:8465: ./conftest
configure:8465: $? = 0
configure:8476: result: yes
configure:8489: checking for sys/types.h
configure:8489: gcc -c -g -O2  conftest.c >&5
configure:8489: $? = 0
configure:8489: result: yes
configure:8489: checking for sys/stat.h
configure:8489: gcc -c -g -O2  conftest.c >&5
configure:8489: $? = 0
configure:8489: result: yes
configure:8489: checking for stdlib.h
configure:8489: gcc -c -g -O2  conftest.c >&5
configure:8489: $? = 0
configure:8489: result: yes
configure:8489: checking for string.h
configure:8489: gcc -c -g -O2  conftest.c >&5
configure:8489: $? = 0
configure:8489: result: yes
configure:8489: checking for memory.h
configure:8489: gcc -c -g -O2  conftest.c >&5
configure:8489: $? = 0
configure:8489: result: yes
configure:8489: checking for strings.h
configure:8489: gcc -c -g -O2  conftest.c >&5
configure:8489: $? = 0
configure:8489: result: yes
configure:8489: checking for inttypes.h
configure:8489: gcc -c -g -O2  conftest.c >&5
configure:8489: $? = 0
configure:8489: result: yes
configure:8489: checking for stdint.h
configure:8489: gcc -c -g -O2  conftest.c >&5
configure:8489: $? = 0
configure:8489: result: yes
configure:8489: checking for unistd.h
configure:8489: gcc -c -g -O2  conftest.c >&5
configure:8489: $? = 0
configure:8489: result: yes
configure:8503: checking for dlfcn.h
configure:8503: gcc -c -g -O2  conftest.c >&5
configure:8503: $? = 0
configure:8503: result: yes
configure:8729: checking for objdir
configure:8744: result: .libs
configure:9004: checking if gcc supports -fno-rtti -fno-exceptions
configure:9022: gcc -c -g -O2  -fno-rtti -fno-exceptions conftest.c >&5
cc1: warning: command-line option '-fno-rtti' is valid for C++/D/ObjC++ but not for C
configure:9026: $? = 0
configure:9039: result: no
configure:9403: checking for gcc option to produce PIC
configure:9410: result: -fPIC -DPIC
configure:9418: checking if gcc PIC flag -fPIC -DPIC works
configure:9436: gcc -c -g -O2  -fPIC -DPIC -DPIC conftest.c >&5
configure:9440: $? = 0
configure:9453: result: yes
configure:9482: checking if gcc static flag -static works
configure:9510: result: yes
configure:9525: checking if gcc supports -c -o file.o
configure:9546: gcc -c -g -O2  -o out/conftest2.o conftest.c >&5
configure:9550: $? = 0
configure:9572: result: yes
configure:9580: checking if gcc supports -c -o file.o
configure:9627: result: yes
configure:9660: checking whether the gcc linker (/usr/x86_64-slackware-linux/bin/ld -m elf_x86_64) supports shared libraries
configure:10923: result: yes
configure:11163: checking dynamic linker characteristics
configure:11744: gcc -o conftest -g -O2   -Wl,-rpath -Wl,/foo conftest.c  >&5
configure:11744: $? = 0
configure:11993: result: GNU/Linux ld.so
configure:12115: checking how to hardcode library paths into programs
configure:12140: result: immediate
configure:12688: checking whether stripping libraries is possible
configure:12693: result: yes
configure:12728: checking if libtool supports shared libraries
configure:12730: result: yes
configure:12733: checking whether to build shared libraries
configure:12758: result: no
configure:12761: checking whether to build static libraries
configure:12765: result: yes
configure:12804: checking for an ANSI C-conforming const
configure:12870: gcc -c -g -O2  conftest.c >&5
configure:12870: $? = 0
configure:12877: result: yes
configure:12886: checking for unsigned long long int
configure:12934: result: yes
configure:12944: checking for long long int
configure:12994: result: yes
configure:13003: checking for library containing ioperm
configure:13034: gcc -o conftest -g -O2   conftest.c  >&5
configure:13034: $? = 0
configure:13051: result: none required
configure:13059: checking for library containing dlopen
configure:13090: gcc -o conftest -g -O2   conftest.c  >&5
/usr/lib64/gcc/x86_64-slackware-linux/11.2.0/../../../../x86_64-slackware-linux/bin/ld: /tmp/cchmcHCN.o: in function `main':
/home/name/test_kit/arm-gnu-toolchain-13.3.rel1-x86_64-arm-none-eabi/tools/openocd-0.12.0/conftest.c:36: undefined reference to `dlopen'
collect2: error: ld returned 1 exit status
configure:13090: $? = 1
configure: failed program was:
| /* confdefs.h */
| #define PACKAGE_NAME "openocd"
| #define PACKAGE_TARNAME "openocd"
| #define PACKAGE_VERSION "0.12.0"
| #define PACKAGE_STRING "openocd 0.12.0"
| #define PACKAGE_BUGREPORT "OpenOCD Mailing List <openocd-devel@lists.sourceforge.net>"
| #define PACKAGE_URL ""
| #define PACKAGE "openocd"
| #define VERSION "0.12.0"
| #define STDC_HEADERS 1
| #define HAVE_SYS_TYPES_H 1
| #define HAVE_SYS_STAT_H 1
| #define HAVE_STDLIB_H 1
| #define HAVE_STRING_H 1
| #define HAVE_MEMORY_H 1
| #define HAVE_STRINGS_H 1
| #define HAVE_INTTYPES_H 1
| #define HAVE_STDINT_H 1
| #define HAVE_UNISTD_H 1
| #define HAVE_DLFCN_H 1
| #define LT_OBJDIR ".libs/"
| #define HAVE_UNSIGNED_LONG_LONG_INT 1
| #define HAVE_LONG_LONG_INT 1
| /* end confdefs.h.  */
| 
| /* Override any GCC internal prototype to avoid an error.
|    Use char because int might match the return type of a GCC
|    builtin and then its argument prototype would still apply.  */
| #ifdef __cplusplus
| extern "C"
| #endif
| char dlopen ();
| int
| main ()
| {
| return dlopen ();
|   ;
|   return 0;
| }
configure:13090: gcc -o conftest -g -O2   conftest.c -ldl   >&5
configure:13090: $? = 0
configure:13107: result: -ldl
configure:13115: checking for library containing openpty
configure:13146: gcc -o conftest -g -O2   conftest.c -ldl  >&5
/usr/lib64/gcc/x86_64-slackware-linux/11.2.0/../../../../x86_64-slackware-linux/bin/ld: /tmp/ccBobwUc.o: in function `main':
/home/name/test_kit/arm-gnu-toolchain-13.3.rel1-x86_64-arm-none-eabi/tools/openocd-0.12.0/conftest.c:36: undefined reference to `openpty'
collect2: error: ld returned 1 exit status
configure:13146: $? = 1
configure: failed program was:
| /* confdefs.h */
| #define PACKAGE_NAME "openocd"
| #define PACKAGE_TARNAME "openocd"
| #define PACKAGE_VERSION "0.12.0"
| #define PACKAGE_STRING "openocd 0.12.0"
| #define PACKAGE_BUGREPORT "OpenOCD Mailing List <openocd-devel@lists.sourceforge.net>"
| #define PACKAGE_URL ""
| #define PACKAGE "openocd"
| #define VERSION "0.12.0"
| #define STDC_HEADERS 1
| #define HAVE_SYS_TYPES_H 1
| #define HAVE_SYS_STAT_H 1
| #define HAVE_STDLIB_H 1
| #define HAVE_STRING_H 1
| #define HAVE_MEMORY_H 1
| #define HAVE_STRINGS_H 1
| #define HAVE_INTTYPES_H 1
| #define HAVE_STDINT_H 1
| #define HAVE_UNISTD_H 1
| #define HAVE_DLFCN_H 1
| #define LT_OBJDIR ".libs/"
| #define HAVE_UNSIGNED_LONG_LONG_INT 1
| #define HAVE_LONG_LONG_INT 1
| /* end confdefs.h.  */
| 
| /* Override any GCC internal prototype to avoid an error.
|    Use char because int might match the return type of a GCC
|    builtin and then its argument prototype would still apply.  */
| #ifdef __cplusplus
| extern "C"
| #endif
| char openpty ();
| int
| main ()
| {
| return openpty ();
|   ;
|   return 0;
| }
configure:13146: gcc -o conftest -g -O2   conftest.c -lutil  -ldl  >&5
configure:13146: $? = 0
configure:13163: result: -lutil
configure:13174: checking sys/socket.h usability
configure:13174: gcc -c -g -O2  conftest.c >&5
configure:13174: $? = 0
configure:13174: result: yes
configure:13174: checking sys/socket.h presence
configure:13174: gcc -E  conftest.c
configure:13174: $? = 0
configure:13174: result: yes
configure:13174: checking for sys/socket.h
configure:13174: result: yes
configure:13186: checking elf.h usability
configure:13186: gcc -c -g -O2  conftest.c >&5
configure:13186: $? = 0
configure:13186: result: yes
configure:13186: checking elf.h presence
configure:13186: gcc -E  conftest.c
configure:13186: $? = 0
configure:13186: result: yes
configure:13186: checking for elf.h
configure:13186: result: yes
configure:13213: checking fcntl.h usability
configure:13213: gcc -c -g -O2  conftest.c >&5
configure:13213: $? = 0
configure:13213: result: yes
configure:13213: checking fcntl.h presence
configure:13213: gcc -E  conftest.c
configure:13213: $? = 0
configure:13213: result: yes
configure:13213: checking for fcntl.h
configure:13213: result: yes
configure:13225: checking malloc.h usability
configure:13225: gcc -c -g -O2  conftest.c >&5
configure:13225: $? = 0
configure:13225: result: yes
configure:13225: checking malloc.h presence
configure:13225: gcc -E  conftest.c
configure:13225: $? = 0
configure:13225: result: yes
configure:13225: checking for malloc.h
configure:13225: result: yes
configure:13237: checking netdb.h usability
configure:13237: gcc -c -g -O2  conftest.c >&5
configure:13237: $? = 0
configure:13237: result: yes
configure:13237: checking netdb.h presence
configure:13237: gcc -E  conftest.c
configure:13237: $? = 0
configure:13237: result: yes
configure:13237: checking for netdb.h
configure:13237: result: yes
configure:13249: checking poll.h usability
configure:13249: gcc -c -g -O2  conftest.c >&5
configure:13249: $? = 0
configure:13249: result: yes
configure:13249: checking poll.h presence
configure:13249: gcc -E  conftest.c
configure:13249: $? = 0
configure:13249: result: yes
configure:13249: checking for poll.h
configure:13249: result: yes
configure:13261: checking for strings.h
configure:13261: result: yes
configure:13273: checking sys/ioctl.h usability
configure:13273: gcc -c -g -O2  conftest.c >&5
configure:13273: $? = 0
configure:13273: result: yes
configure:13273: checking sys/ioctl.h presence
configure:13273: gcc -E  conftest.c
configure:13273: $? = 0
configure:13273: result: yes
configure:13273: checking for sys/ioctl.h
configure:13273: result: yes
configure:13285: checking sys/param.h usability
configure:13285: gcc -c -g -O2  conftest.c >&5
configure:13285: $? = 0
configure:13285: result: yes
configure:13285: checking sys/param.h presence
configure:13285: gcc -E  conftest.c
configure:13285: $? = 0
configure:13285: result: yes
configure:13285: checking for sys/param.h
configure:13285: result: yes
configure:13297: checking sys/select.h usability
configure:13297: gcc -c -g -O2  conftest.c >&5
configure:13297: $? = 0
configure:13297: result: yes
configure:13297: checking sys/select.h presence
configure:13297: gcc -E  conftest.c
configure:13297: $? = 0
configure:13297: result: yes
configure:13297: checking for sys/select.h
configure:13297: result: yes
configure:13309: checking for sys/stat.h
configure:13309: result: yes
configure:13321: checking sys/sysctl.h usability
configure:13321: gcc -c -g -O2  conftest.c >&5
conftest.c:70:10: fatal error: sys/sysctl.h: No such file or directory
   70 | #include <sys/sysctl.h>
      |          ^~~~~~~~~~~~~~
compilation terminated.
configure:13321: $? = 1
configure: failed program was:
| /* confdefs.h */
| #define PACKAGE_NAME "openocd"
| #define PACKAGE_TARNAME "openocd"
| #define PACKAGE_VERSION "0.12.0"
| #define PACKAGE_STRING "openocd 0.12.0"
| #define PACKAGE_BUGREPORT "OpenOCD Mailing List <openocd-devel@lists.sourceforge.net>"
| #define PACKAGE_URL ""
| #define PACKAGE "openocd"
| #define VERSION "0.12.0"
| #define STDC_HEADERS 1
| #define HAVE_SYS_TYPES_H 1
| #define HAVE_SYS_STAT_H 1
| #define HAVE_STDLIB_H 1
| #define HAVE_STRING_H 1
| #define HAVE_MEMORY_H 1
| #define HAVE_STRINGS_H 1
| #define HAVE_INTTYPES_H 1
| #define HAVE_STDINT_H 1
| #define HAVE_UNISTD_H 1
| #define HAVE_DLFCN_H 1
| #define LT_OBJDIR ".libs/"
| #define HAVE_UNSIGNED_LONG_LONG_INT 1
| #define HAVE_LONG_LONG_INT 1
| #define HAVE_SYS_SOCKET_H 1
| #define HAVE_ELF_H 1
| #define HAVE_ELF64 1
| #define HAVE_FCNTL_H 1
| #define HAVE_MALLOC_H 1
| #define HAVE_NETDB_H 1
| #define HAVE_POLL_H 1
| #define HAVE_STRINGS_H 1
| #define HAVE_SYS_IOCTL_H 1
| #define HAVE_SYS_PARAM_H 1
| #define HAVE_SYS_SELECT_H 1
| #define HAVE_SYS_STAT_H 1
| /* end confdefs.h.  */
| #include <stdio.h>
| #ifdef HAVE_SYS_TYPES_H
| # include <sys/types.h>
| #endif
| #ifdef HAVE_SYS_STAT_H
| # include <sys/stat.h>
| #endif
| #ifdef STDC_HEADERS
| # include <stdlib.h>
| # include <stddef.h>
| #else
| # ifdef HAVE_STDLIB_H
| #  include <stdlib.h>
| # endif
| #endif
| #ifdef HAVE_STRING_H
| # if !defined STDC_HEADERS && defined HAVE_MEMORY_H
| #  include <memory.h>
| # endif
| # include <string.h>
| #endif
| #ifdef HAVE_STRINGS_H
| # include <strings.h>
| #endif
| #ifdef HAVE_INTTYPES_H
| # include <inttypes.h>
| #endif
| #ifdef HAVE_STDINT_H
| # include <stdint.h>
| #endif
| #ifdef HAVE_UNISTD_H
| # include <unistd.h>
| #endif
| #include <sys/sysctl.h>
configure:13321: result: no
configure:13321: checking sys/sysctl.h presence
configure:13321: gcc -E  conftest.c
conftest.c:37:10: fatal error: sys/sysctl.h: No such file or directory
   37 | #include <sys/sysctl.h>
      |          ^~~~~~~~~~~~~~
compilation terminated.
configure:13321: $? = 1
configure: failed program was:
| /* confdefs.h */
| #define PACKAGE_NAME "openocd"
| #define PACKAGE_TARNAME "openocd"
| #define PACKAGE_VERSION "0.12.0"
| #define PACKAGE_STRING "openocd 0.12.0"
| #define PACKAGE_BUGREPORT "OpenOCD Mailing List <openocd-devel@lists.sourceforge.net>"
| #define PACKAGE_URL ""
| #define PACKAGE "openocd"
| #define VERSION "0.12.0"
| #define STDC_HEADERS 1
| #define HAVE_SYS_TYPES_H 1
| #define HAVE_SYS_STAT_H 1
| #define HAVE_STDLIB_H 1
| #define HAVE_STRING_H 1
| #define HAVE_MEMORY_H 1
| #define HAVE_STRINGS_H 1
| #define HAVE_INTTYPES_H 1
| #define HAVE_STDINT_H 1
| #define HAVE_UNISTD_H 1
| #define HAVE_DLFCN_H 1
| #define LT_OBJDIR ".libs/"
| #define HAVE_UNSIGNED_LONG_LONG_INT 1
| #define HAVE_LONG_LONG_INT 1
| #define HAVE_SYS_SOCKET_H 1
| #define HAVE_ELF_H 1
| #define HAVE_ELF64 1
| #define HAVE_FCNTL_H 1
| #define HAVE_MALLOC_H 1
| #define HAVE_NETDB_H 1
| #define HAVE_POLL_H 1
| #define HAVE_STRINGS_H 1
| #define HAVE_SYS_IOCTL_H 1
| #define HAVE_SYS_PARAM_H 1
| #define HAVE_SYS_SELECT_H 1
| #define HAVE_SYS_STAT_H 1
| /* end confdefs.h.  */
| #include <sys/sysctl.h>
configure:13321: result: no
configure:13321: checking for sys/sysctl.h
configure:13321: result: no
configure:13333: checking sys/time.h usability
configure:13333: gcc -c -g -O2  conftest.c >&5
configure:13333: $? = 0
configure:13333: result: yes
configure:13333: checking sys/time.h presence
configure:13333: gcc -E  conftest.c
configure:13333: $? = 0
configure:13333: result: yes
configure:13333: checking for sys/time.h
configure:13333: result: yes
configure:13345: checking for sys/types.h
configure:13345: result: yes
configure:13357: checking for unistd.h
configure:13357: result: yes
configure:13370: checking for arpa/inet.h
configure:13370: gcc -c -g -O2  conftest.c >&5
configure:13370: $? = 0
configure:13370: result: yes
configure:13370: checking for netinet/in.h
configure:13370: gcc -c -g -O2  conftest.c >&5
configure:13370: $? = 0
configure:13370: result: yes
configure:13370: checking for netinet/tcp.h
configure:13370: gcc -c -g -O2  conftest.c >&5
configure:13370: $? = 0
configure:13370: result: yes
configure:13395: checking whether to enable assertions
configure:13413: result: yes
configure:13416: checking for stdbool.h that conforms to C99
configure:13483: gcc -c -g -O2  conftest.c >&5
configure:13483: $? = 0
configure:13490: result: yes
configure:13492: checking for _Bool
configure:13492: gcc -c -g -O2  conftest.c >&5
configure:13492: $? = 0
configure:13492: gcc -c -g -O2  conftest.c >&5
conftest.c: In function 'main':
conftest.c:79:20: error: expected expression before ')' token
   79 | if (sizeof ((_Bool)))
      |                    ^
configure:13492: $? = 1
configure: failed program was:
| /* confdefs.h */
| #define PACKAGE_NAME "openocd"
| #define PACKAGE_TARNAME "openocd"
| #define PACKAGE_VERSION "0.12.0"
| #define PACKAGE_STRING "openocd 0.12.0"
| #define PACKAGE_BUGREPORT "OpenOCD Mailing List <openocd-devel@lists.sourceforge.net>"
| #define PACKAGE_URL ""
| #define PACKAGE "openocd"
| #define VERSION "0.12.0"
| #define STDC_HEADERS 1
| #define HAVE_SYS_TYPES_H 1
| #define HAVE_SYS_STAT_H 1
| #define HAVE_STDLIB_H 1
| #define HAVE_STRING_H 1
| #define HAVE_MEMORY_H 1
| #define HAVE_STRINGS_H 1
| #define HAVE_INTTYPES_H 1
| #define HAVE_STDINT_H 1
| #define HAVE_UNISTD_H 1
| #define HAVE_DLFCN_H 1
| #define LT_OBJDIR ".libs/"
| #define HAVE_UNSIGNED_LONG_LONG_INT 1
| #define HAVE_LONG_LONG_INT 1
| #define HAVE_SYS_SOCKET_H 1
| #define HAVE_ELF_H 1
| #define HAVE_ELF64 1
| #define HAVE_FCNTL_H 1
| #define HAVE_MALLOC_H 1
| #define HAVE_NETDB_H 1
| #define HAVE_POLL_H 1
| #define HAVE_STRINGS_H 1
| #define HAVE_SYS_IOCTL_H 1
| #define HAVE_SYS_PARAM_H 1
| #define HAVE_SYS_SELECT_H 1
| #define HAVE_SYS_STAT_H 1
| #define HAVE_SYS_TIME_H 1
| #define HAVE_SYS_TYPES_H 1
| #define HAVE_UNISTD_H 1
| #define HAVE_ARPA_INET_H 1
| #define HAVE_NETINET_IN_H 1
| #define HAVE_NETINET_TCP_H 1
| /* end confdefs.h.  */
| #include <stdio.h>
| #ifdef HAVE_SYS_TYPES_H
| # include <sys/types.h>
| #endif
| #ifdef HAVE_SYS_STAT_H
| # include <sys/stat.h>
| #endif
| #ifdef STDC_HEADERS
| # include <stdlib.h>
| # include <stddef.h>
| #else
| # ifdef HAVE_STDLIB_H
| #  include <stdlib.h>
| # endif
| #endif
| #ifdef HAVE_STRING_H
| # if !defined STDC_HEADERS && defined HAVE_MEMORY_H
| #  include <memory.h>
| # endif
| # include <string.h>
| #endif
| #ifdef HAVE_STRINGS_H
| # include <strings.h>
| #endif
| #ifdef HAVE_INTTYPES_H
| # include <inttypes.h>
| #endif
| #ifdef HAVE_STDINT_H
| # include <stdint.h>
| #endif
| #ifdef HAVE_UNISTD_H
| # include <unistd.h>
| #endif
| int
| main ()
| {
| if (sizeof ((_Bool)))
| 	    return 0;
|   ;
|   return 0;
| }
configure:13492: result: yes
configure:13510: checking whether byte ordering is bigendian
configure:13525: gcc -c -g -O2  conftest.c >&5
conftest.c:46:16: error: unknown type name 'not'
   46 |                not a universal capable compiler
      |                ^~~
conftest.c:46:22: error: expected '=', ',', ';', 'asm' or '__attribute__' before 'universal'
   46 |                not a universal capable compiler
      |                      ^~~~~~~~~
conftest.c:46:22: error: unknown type name 'universal'
configure:13525: $? = 1
configure: failed program was:
| /* confdefs.h */
| #define PACKAGE_NAME "openocd"
| #define PACKAGE_TARNAME "openocd"
| #define PACKAGE_VERSION "0.12.0"
| #define PACKAGE_STRING "openocd 0.12.0"
| #define PACKAGE_BUGREPORT "OpenOCD Mailing List <openocd-devel@lists.sourceforge.net>"
| #define PACKAGE_URL ""
| #define PACKAGE "openocd"
| #define VERSION "0.12.0"
| #define STDC_HEADERS 1
| #define HAVE_SYS_TYPES_H 1
| #define HAVE_SYS_STAT_H 1
| #define HAVE_STDLIB_H 1
| #define HAVE_STRING_H 1
| #define HAVE_MEMORY_H 1
| #define HAVE_STRINGS_H 1
| #define HAVE_INTTYPES_H 1
| #define HAVE_STDINT_H 1
| #define HAVE_UNISTD_H 1
| #define HAVE_DLFCN_H 1
| #define LT_OBJDIR ".libs/"
| #define HAVE_UNSIGNED_LONG_LONG_INT 1
| #define HAVE_LONG_LONG_INT 1
| #define HAVE_SYS_SOCKET_H 1
| #define HAVE_ELF_H 1
| #define HAVE_ELF64 1
| #define HAVE_FCNTL_H 1
| #define HAVE_MALLOC_H 1
| #define HAVE_NETDB_H 1
| #define HAVE_POLL_H 1
| #define HAVE_STRINGS_H 1
| #define HAVE_SYS_IOCTL_H 1
| #define HAVE_SYS_PARAM_H 1
| #define HAVE_SYS_SELECT_H 1
| #define HAVE_SYS_STAT_H 1
| #define HAVE_SYS_TIME_H 1
| #define HAVE_SYS_TYPES_H 1
| #define HAVE_UNISTD_H 1
| #define HAVE_ARPA_INET_H 1
| #define HAVE_NETINET_IN_H 1
| #define HAVE_NETINET_TCP_H 1
| #define HAVE__BOOL 1
| #define HAVE_STDBOOL_H 1
| /* end confdefs.h.  */
| #ifndef __APPLE_CC__
| 	       not a universal capable compiler
| 	     #endif
| 	     typedef int dummy;
| 
configure:13570: gcc -c -g -O2  conftest.c >&5
configure:13570: $? = 0
configure:13588: gcc -c -g -O2  conftest.c >&5
conftest.c: In function 'main':
conftest.c:52:18: error: unknown type name 'not'; did you mean 'ino_t'?
   52 |                  not big endian
      |                  ^~~
      |                  ino_t
conftest.c:52:26: error: expected '=', ',', ';', 'asm' or '__attribute__' before 'endian'
   52 |                  not big endian
      |                          ^~~~~~
configure:13588: $? = 1
configure: failed program was:
| /* confdefs.h */
| #define PACKAGE_NAME "openocd"
| #define PACKAGE_TARNAME "openocd"
| #define PACKAGE_VERSION "0.12.0"
| #define PACKAGE_STRING "openocd 0.12.0"
| #define PACKAGE_BUGREPORT "OpenOCD Mailing List <openocd-devel@lists.sourceforge.net>"
| #define PACKAGE_URL ""
| #define PACKAGE "openocd"
| #define VERSION "0.12.0"
| #define STDC_HEADERS 1
| #define HAVE_SYS_TYPES_H 1
| #define HAVE_SYS_STAT_H 1
| #define HAVE_STDLIB_H 1
| #define HAVE_STRING_H 1
| #define HAVE_MEMORY_H 1
| #define HAVE_STRINGS_H 1
| #define HAVE_INTTYPES_H 1
| #define HAVE_STDINT_H 1
| #define HAVE_UNISTD_H 1
| #define HAVE_DLFCN_H 1
| #define LT_OBJDIR ".libs/"
| #define HAVE_UNSIGNED_LONG_LONG_INT 1
| #define HAVE_LONG_LONG_INT 1
| #define HAVE_SYS_SOCKET_H 1
| #define HAVE_ELF_H 1
| #define HAVE_ELF64 1
| #define HAVE_FCNTL_H 1
| #define HAVE_MALLOC_H 1
| #define HAVE_NETDB_H 1
| #define HAVE_POLL_H 1
| #define HAVE_STRINGS_H 1
| #define HAVE_SYS_IOCTL_H 1
| #define HAVE_SYS_PARAM_H 1
| #define HAVE_SYS_SELECT_H 1
| #define HAVE_SYS_STAT_H 1
| #define HAVE_SYS_TIME_H 1
| #define HAVE_SYS_TYPES_H 1
| #define HAVE_UNISTD_H 1
| #define HAVE_ARPA_INET_H 1
| #define HAVE_NETINET_IN_H 1
| #define HAVE_NETINET_TCP_H 1
| #define HAVE__BOOL 1
| #define HAVE_STDBOOL_H 1
| /* end confdefs.h.  */
| #include <sys/types.h>
| 		#include <sys/param.h>
| 
| int
| main ()
| {
| #if BYTE_ORDER != BIG_ENDIAN
| 		 not big endian
| 		#endif
| 
|   ;
|   return 0;
| }
configure:13716: result: no
configure:13737: checking for strndup
configure:13737: gcc -o conftest -g -O2   conftest.c -lutil -ldl  >&5
conftest.c:68:6: warning: conflicting types for built-in function 'strndup'; expected 'char *(const char *, long unsigned int)' [-Wbuiltin-declaration-mismatch]
   68 | char strndup ();
      |      ^~~~~~~
configure:13737: $? = 0
configure:13737: result: yes
configure:13748: checking for strnlen
configure:13748: gcc -o conftest -g -O2   conftest.c -lutil -ldl  >&5
conftest.c:69:6: warning: conflicting types for built-in function 'strnlen'; expected 'long unsigned int(const char *, long unsigned int)' [-Wbuiltin-declaration-mismatch]
   69 | char strnlen ();
      |      ^~~~~~~
configure:13748: $? = 0
configure:13748: result: yes
configure:13759: checking for gettimeofday
configure:13759: gcc -o conftest -g -O2   conftest.c -lutil -ldl  >&5
configure:13759: $? = 0
configure:13759: result: yes
configure:13770: checking for usleep
configure:13770: gcc -o conftest -g -O2   conftest.c -lutil -ldl  >&5
configure:13770: $? = 0
configure:13770: result: yes
configure:13781: checking for realpath
configure:13781: gcc -o conftest -g -O2   conftest.c -lutil -ldl  >&5
configure:13781: $? = 0
configure:13781: result: yes
configure:13792: checking whether to build a release
configure:13803: result: yes
configure:13846: checking whether to build Doxygen as HTML
configure:13848: result: yes
configure:13859: checking whether to build Doxygen as PDF
configure:13861: result: no
configure:13913: checking whether to enable verbose USB I/O messages
configure:13915: result: no
configure:13925: checking whether to enable verbose USB communication messages
configure:13927: result: no
configure:13944: checking whether to enable malloc free space logging
configure:13946: result: no
configure:14849: checking for libusb-1.0
configure:14856: $PKG_CONFIG --exists --print-errors "libusb-1.0"
configure:14859: $? = 0
configure:14873: $PKG_CONFIG --exists --print-errors "libusb-1.0"
configure:14876: $? = 0
configure:14922: result: yes
configure:14930: libusb-1.0 header bug workaround: LIBUSB1_CFLAGS changed to "-isystem /usr/include/libusb-1.0"
configure:14933: $PKG_CONFIG --exists --print-errors "libusb-1.0 >= 1.0.16"
configure:14936: $? = 0
configure:14962: checking for capstone
configure:14969: $PKG_CONFIG --exists --print-errors "capstone"
Package capstone was not found in the pkg-config search path.
Perhaps you should add the directory containing `capstone.pc'
to the PKG_CONFIG_PATH environment variable
No package 'capstone' found
configure:14972: $? = 1
configure:14986: $PKG_CONFIG --exists --print-errors "capstone"
Package capstone was not found in the pkg-config search path.
Perhaps you should add the directory containing `capstone.pc'
to the PKG_CONFIG_PATH environment variable
No package 'capstone' found
configure:14989: $? = 1
configure:15003: result: no
No package 'capstone' found
configure:15059: checking for hidapi
configure:15066: $PKG_CONFIG --exists --print-errors "$hidapi_lib"
Package hidapi was not found in the pkg-config search path.
Perhaps you should add the directory containing `hidapi.pc'
to the PKG_CONFIG_PATH environment variable
No package 'hidapi' found
configure:15069: $? = 1
configure:15083: $PKG_CONFIG --exists --print-errors "$hidapi_lib"
Package hidapi was not found in the pkg-config search path.
Perhaps you should add the directory containing `hidapi.pc'
to the PKG_CONFIG_PATH environment variable
No package 'hidapi' found
configure:15086: $? = 1
configure:15100: result: no
No package 'hidapi' found
configure:15059: checking for hidapi-hidraw
configure:15066: $PKG_CONFIG --exists --print-errors "$hidapi_lib"
Package hidapi-hidraw was not found in the pkg-config search path.
Perhaps you should add the directory containing `hidapi-hidraw.pc'
to the PKG_CONFIG_PATH environment variable
No package 'hidapi-hidraw' found
configure:15069: $? = 1
configure:15083: $PKG_CONFIG --exists --print-errors "$hidapi_lib"
Package hidapi-hidraw was not found in the pkg-config search path.
Perhaps you should add the directory containing `hidapi-hidraw.pc'
to the PKG_CONFIG_PATH environment variable
No package 'hidapi-hidraw' found
configure:15086: $? = 1
configure:15100: result: no
No package 'hidapi-hidraw' found
configure:15059: checking for hidapi-libusb
configure:15066: $PKG_CONFIG --exists --print-errors "$hidapi_lib"
Package hidapi-libusb was not found in the pkg-config search path.
Perhaps you should add the directory containing `hidapi-libusb.pc'
to the PKG_CONFIG_PATH environment variable
No package 'hidapi-libusb' found
configure:15069: $? = 1
configure:15083: $PKG_CONFIG --exists --print-errors "$hidapi_lib"
Package hidapi-libusb was not found in the pkg-config search path.
Perhaps you should add the directory containing `hidapi-libusb.pc'
to the PKG_CONFIG_PATH environment variable
No package 'hidapi-libusb' found
configure:15086: $? = 1
configure:15100: result: no
No package 'hidapi-libusb' found
configure:15139: checking for libftdi1
configure:15146: $PKG_CONFIG --exists --print-errors "libftdi1"
Package libftdi1 was not found in the pkg-config search path.
Perhaps you should add the directory containing `libftdi1.pc'
to the PKG_CONFIG_PATH environment variable
No package 'libftdi1' found
configure:15149: $? = 1
configure:15163: $PKG_CONFIG --exists --print-errors "libftdi1"
Package libftdi1 was not found in the pkg-config search path.
Perhaps you should add the directory containing `libftdi1.pc'
to the PKG_CONFIG_PATH environment variable
No package 'libftdi1' found
configure:15166: $? = 1
configure:15180: result: no
No package 'libftdi1' found
configure:15199: checking for libftdi
configure:15206: $PKG_CONFIG --exists --print-errors "libftdi"
configure:15209: $? = 0
configure:15223: $PKG_CONFIG --exists --print-errors "libftdi"
configure:15226: $? = 0
configure:15264: result: yes
configure:15367: checking for libgpiod
configure:15374: $PKG_CONFIG --exists --print-errors "libgpiod"
Package libgpiod was not found in the pkg-config search path.
Perhaps you should add the directory containing `libgpiod.pc'
to the PKG_CONFIG_PATH environment variable
No package 'libgpiod' found
configure:15377: $? = 1
configure:15391: $PKG_CONFIG --exists --print-errors "libgpiod"
Package libgpiod was not found in the pkg-config search path.
Perhaps you should add the directory containing `libgpiod.pc'
to the PKG_CONFIG_PATH environment variable
No package 'libgpiod' found
configure:15394: $? = 1
configure:15408: result: no
No package 'libgpiod' found
configure:15439: checking for libjaylink >= 0.2
configure:15446: $PKG_CONFIG --exists --print-errors "libjaylink >= 0.2"
Package libjaylink was not found in the pkg-config search path.
Perhaps you should add the directory containing `libjaylink.pc'
to the PKG_CONFIG_PATH environment variable
No package 'libjaylink' found
configure:15449: $? = 1
configure:15463: $PKG_CONFIG --exists --print-errors "libjaylink >= 0.2"
Package libjaylink was not found in the pkg-config search path.
Perhaps you should add the directory containing `libjaylink.pc'
to the PKG_CONFIG_PATH environment variable
No package 'libjaylink' found
configure:15466: $? = 1
configure:15480: result: no
No package 'libjaylink' found
configure:16821: checking for environ in unistd.h and stdlib.h
configure:16839: gcc -c -g -O2  conftest.c >&5
configure:16839: $? = 0
configure:16841: result: yes
configure:17032: checking that generated files are newer than configure
configure:17038: result: done
configure:17314: creating ./config.status

## ---------------------- ##
## Running config.status. ##
## ---------------------- ##

This file was extended by openocd config.status 0.12.0, which was
generated by GNU Autoconf 2.69.  Invocation command line was

  CONFIG_FILES    = 
  CONFIG_HEADERS  = 
  CONFIG_LINKS    = 
  CONFIG_COMMANDS = 
  $ ./config.status 

on mdvr.way.dmz

config.status:1305: creating Makefile
config.status:1305: creating config.h
config.status:1534: executing depfiles commands
config.status:1611: cd .       && sed -e '/# am--include-marker/d' Makefile         | make -f - am--depfiles
config.status:1616: $? = 0
config.status:1534: executing libtool commands
configure:19525: === configuring in jimtcl (/home/name/test_kit/arm-gnu-toolchain-13.3.rel1-x86_64-arm-none-eabi/tools/openocd-0.12.0/jimtcl)
configure:19588: running /bin/sh ./configure.gnu --disable-option-checking '--prefix=/usr/local'  'PKG_CONFIG_PATH=/usr/local/lib64/pkgconfig:/usr/local/share/pkgconfig:/usr/lib64/pkgconfig:/usr/share/pkgconfig:/usr/local/lib64/pkgconfig:/usr/local/share/pkgconfig' --cache-file=/dev/null --srcdir=.
configure:19525: === configuring in src/jtag/drivers/libjaylink (/home/name/test_kit/arm-gnu-toolchain-13.3.rel1-x86_64-arm-none-eabi/tools/openocd-0.12.0/src/jtag/drivers/libjaylink)
configure:19588: running /bin/sh ./configure.gnu --disable-option-checking '--prefix=/usr/local'  'PKG_CONFIG_PATH=/usr/local/lib64/pkgconfig:/usr/local/share/pkgconfig:/usr/lib64/pkgconfig:/usr/share/pkgconfig:/usr/local/lib64/pkgconfig:/usr/local/share/pkgconfig' --cache-file=/dev/null --srcdir=.

## ---------------- ##
## Cache variables. ##
## ---------------- ##

ac_cv_build=x86_64-pc-linux-gnu
ac_cv_c_bigendian=no
ac_cv_c_compiler_gnu=yes
ac_cv_c_const=yes
ac_cv_env_CAPSTONE_CFLAGS_set=
ac_cv_env_CAPSTONE_CFLAGS_value=
ac_cv_env_CAPSTONE_LIBS_set=
ac_cv_env_CAPSTONE_LIBS_value=
ac_cv_env_CC_set=
ac_cv_env_CC_value=
ac_cv_env_CFLAGS_set=
ac_cv_env_CFLAGS_value=
ac_cv_env_CPPFLAGS_set=
ac_cv_env_CPPFLAGS_value=
ac_cv_env_CPP_set=
ac_cv_env_CPP_value=
ac_cv_env_HIDAPI_CFLAGS_set=
ac_cv_env_HIDAPI_CFLAGS_value=
ac_cv_env_HIDAPI_LIBS_set=
ac_cv_env_HIDAPI_LIBS_value=
ac_cv_env_LDFLAGS_set=
ac_cv_env_LDFLAGS_value=
ac_cv_env_LIBFTDI_CFLAGS_set=
ac_cv_env_LIBFTDI_CFLAGS_value=
ac_cv_env_LIBFTDI_LIBS_set=
ac_cv_env_LIBFTDI_LIBS_value=
ac_cv_env_LIBGPIOD_CFLAGS_set=
ac_cv_env_LIBGPIOD_CFLAGS_value=
ac_cv_env_LIBGPIOD_LIBS_set=
ac_cv_env_LIBGPIOD_LIBS_value=
ac_cv_env_LIBJAYLINK_CFLAGS_set=
ac_cv_env_LIBJAYLINK_CFLAGS_value=
ac_cv_env_LIBJAYLINK_LIBS_set=
ac_cv_env_LIBJAYLINK_LIBS_value=
ac_cv_env_LIBS_set=
ac_cv_env_LIBS_value=
ac_cv_env_LIBUSB1_CFLAGS_set=
ac_cv_env_LIBUSB1_CFLAGS_value=
ac_cv_env_LIBUSB1_LIBS_set=
ac_cv_env_LIBUSB1_LIBS_value=
ac_cv_env_LT_SYS_LIBRARY_PATH_set=
ac_cv_env_LT_SYS_LIBRARY_PATH_value=
ac_cv_env_PKG_CONFIG_LIBDIR_set=
ac_cv_env_PKG_CONFIG_LIBDIR_value=
ac_cv_env_PKG_CONFIG_PATH_set=set
ac_cv_env_PKG_CONFIG_PATH_value=/usr/local/lib64/pkgconfig:/usr/local/share/pkgconfig:/usr/lib64/pkgconfig:/usr/share/pkgconfig:/usr/local/lib64/pkgconfig:/usr/local/share/pkgconfig
ac_cv_env_PKG_CONFIG_set=
ac_cv_env_PKG_CONFIG_value=
ac_cv_env_build_alias_set=
ac_cv_env_build_alias_value=
ac_cv_env_host_alias_set=
ac_cv_env_host_alias_value=
ac_cv_env_target_alias_set=
ac_cv_env_target_alias_value=
ac_cv_func_gettimeofday=yes
ac_cv_func_realpath=yes
ac_cv_func_strndup=yes
ac_cv_func_strnlen=yes
ac_cv_func_usleep=yes
ac_cv_header_arpa_inet_h=yes
ac_cv_header_dlfcn_h=yes
ac_cv_header_elf_h=yes
ac_cv_header_fcntl_h=yes
ac_cv_header_inttypes_h=yes
ac_cv_header_malloc_h=yes
ac_cv_header_memory_h=yes
ac_cv_header_netdb_h=yes
ac_cv_header_netinet_in_h=yes
ac_cv_header_netinet_tcp_h=yes
ac_cv_header_poll_h=yes
ac_cv_header_stdbool_h=yes
ac_cv_header_stdc=yes
ac_cv_header_stdint_h=yes
ac_cv_header_stdlib_h=yes
ac_cv_header_string_h=yes
ac_cv_header_strings_h=yes
ac_cv_header_sys_ioctl_h=yes
ac_cv_header_sys_param_h=yes
ac_cv_header_sys_select_h=yes
ac_cv_header_sys_socket_h=yes
ac_cv_header_sys_stat_h=yes
ac_cv_header_sys_sysctl_h=no
ac_cv_header_sys_time_h=yes
ac_cv_header_sys_types_h=yes
ac_cv_header_unistd_h=yes
ac_cv_host=x86_64-pc-linux-gnu
ac_cv_objext=o
ac_cv_path_EGREP='/usr/bin/grep -E'
ac_cv_path_FGREP='/usr/bin/grep -F'
ac_cv_path_GREP=/usr/bin/grep
ac_cv_path_SED=/usr/bin/sed
ac_cv_path_ac_pt_PKG_CONFIG=/usr/bin/pkg-config
ac_cv_path_install='/usr/bin/ginstall -c'
ac_cv_path_lt_DD=/usr/bin/dd
ac_cv_path_mkdir=/usr/bin/mkdir
ac_cv_prog_AWK=gawk
ac_cv_prog_CPP='gcc -E'
ac_cv_prog_MAKEINFO=makeinfo
ac_cv_prog_ac_ct_AR=ar
ac_cv_prog_ac_ct_CC=gcc
ac_cv_prog_ac_ct_DLLTOOL=dlltool
ac_cv_prog_ac_ct_MANIFEST_TOOL=mt
ac_cv_prog_ac_ct_OBJDUMP=objdump
ac_cv_prog_ac_ct_RANLIB=ranlib
ac_cv_prog_ac_ct_STRIP=strip
ac_cv_prog_cc_c89=
ac_cv_prog_cc_c99=
ac_cv_prog_cc_g=yes
ac_cv_prog_make_make_set=yes
ac_cv_search_dlopen=-ldl
ac_cv_search_ioperm='none required'
ac_cv_search_openpty=-lutil
ac_cv_type__Bool=yes
ac_cv_type_long_long_int=yes
ac_cv_type_unsigned_long_long_int=yes
am_cv_CC_dependencies_compiler_type=gcc3
am_cv_make_support_nested_variables=yes
am_cv_prog_cc_c_o=yes
lt_cv_ar_at_file=@
lt_cv_deplibs_check_method=pass_all
lt_cv_file_magic_cmd='$MAGIC_CMD'
lt_cv_file_magic_test_file=
lt_cv_ld_reload_flag=-r
lt_cv_nm_interface='BSD nm'
lt_cv_objdir=.libs
lt_cv_path_LD=/usr/x86_64-slackware-linux/bin/ld
lt_cv_path_NM='/usr/bin/nm -B'
lt_cv_path_mainfest_tool=no
lt_cv_prog_compiler_c_o=yes
lt_cv_prog_compiler_pic='-fPIC -DPIC'
lt_cv_prog_compiler_pic_works=yes
lt_cv_prog_compiler_rtti_exceptions=no
lt_cv_prog_compiler_static_works=yes
lt_cv_prog_gnu_ld=yes
lt_cv_sharedlib_from_linklib_cmd='printf %s\n'
lt_cv_shlibpath_overrides_runpath=no
lt_cv_sys_global_symbol_pipe='sed -n -e '\''s/^.*[	 ]\([ABCDGIRSTW][ABCDGIRSTW]*\)[	 ][	 ]*\([_A-Za-z][_A-Za-z0-9]*\)$/\1 \2 \2/p'\'' | sed '\''/ __gnu_lto/d'\'''
lt_cv_sys_global_symbol_to_c_name_address='sed -n -e '\''s/^: \(.*\) .*$/  {"\1", (void *) 0},/p'\'' -e '\''s/^[ABCDGIRSTW][ABCDGIRSTW]* .* \(.*\)$/  {"\1", (void *) \&\1},/p'\'''
lt_cv_sys_global_symbol_to_c_name_address_lib_prefix='sed -n -e '\''s/^: \(.*\) .*$/  {"\1", (void *) 0},/p'\'' -e '\''s/^[ABCDGIRSTW][ABCDGIRSTW]* .* \(lib.*\)$/  {"\1", (void *) \&\1},/p'\'' -e '\''s/^[ABCDGIRSTW][ABCDGIRSTW]* .* \(.*\)$/  {"lib\1", (void *) \&\1},/p'\'''
lt_cv_sys_global_symbol_to_cdecl='sed -n -e '\''s/^T .* \(.*\)$/extern int \1();/p'\'' -e '\''s/^[ABCDGIRSTW][ABCDGIRSTW]* .* \(.*\)$/extern char \1;/p'\'''
lt_cv_sys_global_symbol_to_import=
lt_cv_sys_max_cmd_len=1572864
lt_cv_to_host_file_cmd=func_convert_file_noop
lt_cv_to_tool_file_cmd=func_convert_file_noop
lt_cv_truncate_bin='/usr/bin/dd bs=4096 count=1'
pkg_cv_LIBFTDI_CFLAGS=
pkg_cv_LIBFTDI_LIBS='-lftdi -lusb'
pkg_cv_LIBUSB1_CFLAGS=-I/usr/include/libusb-1.0
pkg_cv_LIBUSB1_LIBS=-lusb-1.0

## ----------------- ##
## Output variables. ##
## ----------------- ##

ACLOCAL='${SHELL} '\''/home/name/test_kit/arm-gnu-toolchain-13.3.rel1-x86_64-arm-none-eabi/tools/openocd-0.12.0/build-aux/missing'\'' aclocal-1.16'
AICE_FALSE=''
AICE_TRUE='#'
AM335XGPIO_FALSE=''
AM335XGPIO_TRUE='#'
AMDEPBACKSLASH='\'
AMDEP_FALSE='#'
AMDEP_TRUE=''
AMTAR='$${TAR-tar}'
AMTJTAGACCEL_FALSE=''
AMTJTAGACCEL_TRUE='#'
AM_BACKSLASH='\'
AM_DEFAULT_V='$(AM_DEFAULT_VERBOSITY)'
AM_DEFAULT_VERBOSITY='1'
AM_V='$(V)'
AR='ar'
ARMJTAGEW_FALSE='#'
ARMJTAGEW_TRUE=''
AT91RM9200_FALSE=''
AT91RM9200_TRUE='#'
AUTOCONF='${SHELL} '\''/home/name/test_kit/arm-gnu-toolchain-13.3.rel1-x86_64-arm-none-eabi/tools/openocd-0.12.0/build-aux/missing'\'' autoconf'
AUTOHEADER='${SHELL} '\''/home/name/test_kit/arm-gnu-toolchain-13.3.rel1-x86_64-arm-none-eabi/tools/openocd-0.12.0/build-aux/missing'\'' autoheader'
AUTOMAKE='${SHELL} '\''/home/name/test_kit/arm-gnu-toolchain-13.3.rel1-x86_64-arm-none-eabi/tools/openocd-0.12.0/build-aux/missing'\'' automake-1.16'
AWK='gawk'
BCM2835GPIO_FALSE=''
BCM2835GPIO_TRUE='#'
BITBANG_FALSE=''
BITBANG_TRUE='#'
BITQ_FALSE='#'
BITQ_TRUE=''
BUSPIRATE_FALSE='#'
BUSPIRATE_TRUE=''
CAPSTONE_CFLAGS=''
CAPSTONE_LIBS=''
CC='gcc'
CCDEPMODE='depmode=gcc3'
CFLAGS='-g -O2'
CMSIS_DAP_HID_FALSE=''
CMSIS_DAP_HID_TRUE='#'
CMSIS_DAP_USB_FALSE='#'
CMSIS_DAP_USB_TRUE=''
CPP='gcc -E'
CPPFLAGS=''
CYGPATH_W='echo'
DEFS='-DHAVE_CONFIG_H'
DEPDIR='.deps'
DLLTOOL='dlltool'
DSYMUTIL=''
DUMMY_FALSE=''
DUMMY_TRUE='#'
DUMPBIN=''
ECHO_C=''
ECHO_N='-n'
ECHO_T=''
EGREP='/usr/bin/grep -E'
EP93XX_FALSE=''
EP93XX_TRUE='#'
ESP_USB_JTAG_FALSE='#'
ESP_USB_JTAG_TRUE=''
EXEEXT=''
EXTRA_DIST_NEWS='./NEWS-0.10.0 ./NEWS-0.11.0 ./NEWS-0.2.0 ./NEWS-0.3.0 ./NEWS-0.4.0 ./NEWS-0.5.0 ./NEWS-0.6.0 ./NEWS-0.7.0 ./NEWS-0.8.0 ./NEWS-0.9.0'
FGREP='/usr/bin/grep -F'
FT232R_FALSE='#'
FT232R_TRUE=''
FTDI_FALSE='#'
FTDI_TRUE=''
GCC_WARNINGS='-Wall -Wstrict-prototypes -Wformat-security -Wshadow -Wextra -Wno-unused-parameter -Wbad-function-cast -Wcast-align -Wredundant-decls -Wpointer-arith -Wundef -Werror'
GIVEIO_FALSE=''
GIVEIO_TRUE='#'
GREP='/usr/bin/grep'
GW16012_FALSE=''
GW16012_TRUE='#'
HAVE_CAPSTONE_FALSE=''
HAVE_CAPSTONE_TRUE='#'
HIDAPI_CFLAGS=''
HIDAPI_LIBS=''
HLADAPTER_FALSE='#'
HLADAPTER_ICDI_FALSE='#'
HLADAPTER_ICDI_TRUE=''
HLADAPTER_NULINK_FALSE=''
HLADAPTER_NULINK_TRUE='#'
HLADAPTER_STLINK_FALSE='#'
HLADAPTER_STLINK_TRUE=''
HLADAPTER_TRUE=''
HOST_CPPFLAGS=''
IMX_GPIO_FALSE=''
IMX_GPIO_TRUE='#'
INSTALL_DATA='${INSTALL} -m 644'
INSTALL_PROGRAM='${INSTALL}'
INSTALL_SCRIPT='${INSTALL}'
INSTALL_STRIP_PROGRAM='$(install_sh) -c -s'
INTERNAL_JIMTCL_FALSE='#'
INTERNAL_JIMTCL_TRUE=''
INTERNAL_LIBJAYLINK_FALSE='#'
INTERNAL_LIBJAYLINK_TRUE=''
IS_CYGWIN_FALSE=''
IS_CYGWIN_TRUE='#'
IS_DARWIN_FALSE=''
IS_DARWIN_TRUE='#'
IS_MINGW_FALSE=''
IS_MINGW_TRUE='#'
IS_WIN32_FALSE=''
IS_WIN32_TRUE='#'
JLINK_FALSE='#'
JLINK_TRUE=''
JTAG_DPI_FALSE=''
JTAG_DPI_TRUE='#'
JTAG_VPI_FALSE=''
JTAG_VPI_TRUE='#'
KITPROG_FALSE=''
KITPROG_TRUE='#'
LD='/usr/x86_64-slackware-linux/bin/ld -m elf_x86_64'
LDFLAGS=''
LIBFTDI_CFLAGS=''
LIBFTDI_LIBS='-lftdi -lusb'
LIBGPIOD_CFLAGS=''
LIBGPIOD_LIBS=''
LIBJAYLINK_CFLAGS=''
LIBJAYLINK_LIBS=''
LIBOBJS=''
LIBS='-lutil -ldl '
LIBTOOL='$(SHELL) $(top_builddir)/libtool'
LIBTOOL_DEPS='build-aux/ltmain.sh'
LIBUSB1_CFLAGS='-isystem /usr/include/libusb-1.0'
LIBUSB1_LIBS='-lusb-1.0'
LINUXGPIOD_FALSE=''
LINUXGPIOD_TRUE='#'
LIPO=''
LN_S='ln -s'
LTLIBOBJS=''
LT_SYS_LIBRARY_PATH=''
MAKEINFO='makeinfo'
MANIFEST_TOOL=':'
MKDIR_P='/usr/bin/mkdir -p'
NM='/usr/bin/nm -B'
NMEDIT=''
OBJDUMP='objdump'
OBJEXT='o'
OPENDOUS_FALSE='#'
OPENDOUS_TRUE=''
OPENJTAG_FALSE='#'
OPENJTAG_TRUE=''
OSBDM_FALSE='#'
OSBDM_TRUE=''
OTOOL64=''
OTOOL=''
PACKAGE='openocd'
PACKAGE_BUGREPORT='OpenOCD Mailing List <openocd-devel@lists.sourceforge.net>'
PACKAGE_NAME='openocd'
PACKAGE_STRING='openocd 0.12.0'
PACKAGE_TARNAME='openocd'
PACKAGE_URL=''
PACKAGE_VERSION='0.12.0'
PARPORT_FALSE=''
PARPORT_TRUE='#'
PATH_SEPARATOR=':'
PKG_CONFIG='/usr/bin/pkg-config'
PKG_CONFIG_LIBDIR=''
PKG_CONFIG_PATH='/usr/local/lib64/pkgconfig:/usr/local/share/pkgconfig:/usr/lib64/pkgconfig:/usr/share/pkgconfig:/usr/local/lib64/pkgconfig:/usr/local/share/pkgconfig'
PRESTO_FALSE='#'
PRESTO_TRUE=''
RANLIB='ranlib'
RELEASE_FALSE='#'
RELEASE_TRUE=''
REMOTE_BITBANG_FALSE=''
REMOTE_BITBANG_TRUE='#'
RLINK_FALSE='#'
RLINK_TRUE=''
RSHIM_FALSE=''
RSHIM_TRUE='#'
SED='/usr/bin/sed'
SET_MAKE=''
SHELL='/bin/sh'
STRIP='strip'
SYSFSGPIO_FALSE=''
SYSFSGPIO_TRUE='#'
ULINK_FALSE='#'
ULINK_TRUE=''
USBPROG_FALSE='#'
USBPROG_TRUE=''
USB_BLASTER_2_FALSE='#'
USB_BLASTER_2_TRUE=''
USB_BLASTER_DRIVER_FALSE='#'
USB_BLASTER_DRIVER_TRUE=''
USB_BLASTER_FALSE='#'
USB_BLASTER_TRUE=''
USE_HIDAPI_FALSE=''
USE_HIDAPI_TRUE='#'
USE_LIBFTDI_FALSE='#'
USE_LIBFTDI_TRUE=''
USE_LIBGPIOD_FALSE=''
USE_LIBGPIOD_TRUE='#'
USE_LIBJAYLINK_FALSE=''
USE_LIBJAYLINK_TRUE='#'
USE_LIBUSB1_FALSE='#'
USE_LIBUSB1_TRUE=''
VDEBUG_FALSE=''
VDEBUG_TRUE='#'
VERSION='0.12.0'
VSLLINK_FALSE='#'
VSLLINK_TRUE=''
XDS110_FALSE='#'
XDS110_TRUE=''
XLNX_PCIE_XVC_FALSE=''
XLNX_PCIE_XVC_TRUE='#'
ac_ct_AR='ar'
ac_ct_CC='gcc'
ac_ct_DUMPBIN=''
am__EXEEXT_FALSE=''
am__EXEEXT_TRUE='#'
am__fastdepCC_FALSE='#'
am__fastdepCC_TRUE=''
am__include='include'
am__isrc=''
am__leading_dot='.'
am__nodep='_no'
am__quote=''
am__tar='$${TAR-tar} chof - "$$tardir"'
am__untar='$${TAR-tar} xf -'
bindir='${exec_prefix}/bin'
build='x86_64-pc-linux-gnu'
build_alias=''
build_cpu='x86_64'
build_os='linux-gnu'
build_vendor='pc'
datadir='${datarootdir}'
datarootdir='${prefix}/share'
docdir='${datarootdir}/doc/${PACKAGE_TARNAME}'
doxygen_as_html='yes'
doxygen_as_pdf='no'
dvidir='${docdir}'
exec_prefix='${prefix}'
host='x86_64-pc-linux-gnu'
host_alias=''
host_cpu='x86_64'
host_os='linux-gnu'
host_vendor='pc'
htmldir='${docdir}'
includedir='${prefix}/include'
infodir='${datarootdir}/info'
install_sh='${SHELL} /home/name/test_kit/arm-gnu-toolchain-13.3.rel1-x86_64-arm-none-eabi/tools/openocd-0.12.0/build-aux/install-sh'
libdir='${exec_prefix}/lib'
libexecdir='${exec_prefix}/libexec'
localedir='${datarootdir}/locale'
localstatedir='${prefix}/var'
mandir='${datarootdir}/man'
mkdir_p='$(MKDIR_P)'
oldincludedir='/usr/include'
pdfdir='${docdir}'
prefix='/usr/local'
program_transform_name='s,x,x,'
psdir='${docdir}'
runstatedir='${localstatedir}/run'
sbindir='${exec_prefix}/sbin'
sharedstatedir='${prefix}/com'
subdirs=' jimtcl src/jtag/drivers/libjaylink'
sysconfdir='${prefix}/etc'
target_alias=''

## ----------- ##
## confdefs.h. ##
## ----------- ##

/* confdefs.h */
#define PACKAGE_NAME "openocd"
#define PACKAGE_TARNAME "openocd"
#define PACKAGE_VERSION "0.12.0"
#define PACKAGE_STRING "openocd 0.12.0"
#define PACKAGE_BUGREPORT "OpenOCD Mailing List <openocd-devel@lists.sourceforge.net>"
#define PACKAGE_URL ""
#define PACKAGE "openocd"
#define VERSION "0.12.0"
#define STDC_HEADERS 1
#define HAVE_SYS_TYPES_H 1
#define HAVE_SYS_STAT_H 1
#define HAVE_STDLIB_H 1
#define HAVE_STRING_H 1
#define HAVE_MEMORY_H 1
#define HAVE_STRINGS_H 1
#define HAVE_INTTYPES_H 1
#define HAVE_STDINT_H 1
#define HAVE_UNISTD_H 1
#define HAVE_DLFCN_H 1
#define LT_OBJDIR ".libs/"
#define HAVE_UNSIGNED_LONG_LONG_INT 1
#define HAVE_LONG_LONG_INT 1
#define HAVE_SYS_SOCKET_H 1
#define HAVE_ELF_H 1
#define HAVE_ELF64 1
#define HAVE_FCNTL_H 1
#define HAVE_MALLOC_H 1
#define HAVE_NETDB_H 1
#define HAVE_POLL_H 1
#define HAVE_STRINGS_H 1
#define HAVE_SYS_IOCTL_H 1
#define HAVE_SYS_PARAM_H 1
#define HAVE_SYS_SELECT_H 1
#define HAVE_SYS_STAT_H 1
#define HAVE_SYS_TIME_H 1
#define HAVE_SYS_TYPES_H 1
#define HAVE_UNISTD_H 1
#define HAVE_ARPA_INET_H 1
#define HAVE_NETINET_IN_H 1
#define HAVE_NETINET_TCP_H 1
#define HAVE__BOOL 1
#define HAVE_STDBOOL_H 1
#define HAVE_STRNDUP 1
#define HAVE_STRNLEN 1
#define HAVE_GETTIMEOFDAY 1
#define HAVE_USLEEP 1
#define HAVE_REALPATH 1
#define IS_CYGWIN 0
#define IS_MINGW 0
#define IS_WIN32 0
#define IS_DARWIN 0
#define BUILD_PARPORT 0
#define BUILD_RSHIM 0
#define BUILD_DUMMY 0
#define BUILD_EP93XX 0
#define BUILD_AT91RM9200 0
#define BUILD_BCM2835GPIO 0
#define BUILD_IMX_GPIO 0
#define BUILD_AM335XGPIO 0
#define PARPORT_USE_PPDEV 1
#define PARPORT_USE_GIVEIO 0
#define BUILD_JTAG_VPI 0
#define BUILD_VDEBUG 0
#define BUILD_JTAG_DPI 0
#define BUILD_AMTJTAGACCEL 0
#define BUILD_GW16012 0
#define BUILD_BUSPIRATE 1
#define BUILD_REMOTE_BITBANG 0
#define BUILD_SYSFSGPIO 0
#define BUILD_XLNX_PCIE_XVC 0
#define HAVE_LIBUSB1 1
#define HAVE_LIBUSB_GET_PORT_NUMBERS 1
#define HAVE_CAPSTONE 0
#define BUILD_FTDI 1
#define BUILD_HLADAPTER_STLINK 1
#define BUILD_HLADAPTER_ICDI 1
#define BUILD_ULINK 1
#define BUILD_USB_BLASTER_2 1
#define BUILD_FT232R 1
#define BUILD_VSLLINK 1
#define BUILD_XDS110 1
#define BUILD_CMSIS_DAP_USB 1
#define BUILD_OSBDM 1
#define BUILD_OPENDOUS 1
#define BUILD_ARMJTAGEW 1
#define BUILD_RLINK 1
#define BUILD_USBPROG 1
#define BUILD_ESP_USB_JTAG 1
#define BUILD_AICE 0
#define BUILD_CMSIS_DAP_HID 0
#define BUILD_HLADAPTER_NULINK 0
#define BUILD_KITPROG 0
#define BUILD_USB_BLASTER 1
#define BUILD_PRESTO 1
#define BUILD_OPENJTAG 1
#define BUILD_LINUXGPIOD 0
#define BUILD_JLINK 1
#define BUILD_HLADAPTER 1
#define _GNU_SOURCE 1

configure: exit 0
