This file contains any messages produced by compilers while
running configure, to aid debugging if configure makes a mistake.

It was created by openocd configure 0.4.0, which was
generated by GNU Autoconf 2.61.  Invocation command line was

  $ ./configure --enable-ft2232_libftdi LDFLAGS=-static

## --------- ##
## Platform. ##
## --------- ##

hostname = orbax
uname -m = x86_64
uname -r = 2.6.30.10-105.2.23.fc11.x86_64
uname -s = Linux
uname -v = #1 SMP Thu Feb 11 07:06:34 UTC 2010

/usr/bin/uname -p = unknown
/bin/uname -X     = unknown

/bin/arch              = x86_64
/usr/bin/arch -k       = unknown
/usr/convex/getsysinfo = unknown
/usr/bin/hostinfo      = unknown
/bin/machine           = unknown
/usr/bin/oslevel       = unknown
/bin/universe          = unknown

PATH: /usr/lib64/qt-3.3/bin
PATH: /usr/kerberos/sbin
PATH: /usr/kerberos/bin
PATH: /usr/lib64/ccache
PATH: /usr/local/bin
PATH: /usr/bin
PATH: /bin
PATH: /usr/local/sbin
PATH: /usr/sbin
PATH: /sbin
PATH: /home/mario/bin


## ----------- ##
## Core tests. ##
## ----------- ##

configure:2110: checking for a BSD-compatible install
configure:2166: result: /usr/bin/install -c
configure:2177: checking whether build environment is sane
configure:2220: result: yes
configure:2248: checking for a thread-safe mkdir -p
configure:2287: result: /bin/mkdir -p
configure:2300: checking for gawk
configure:2316: found /usr/bin/gawk
configure:2327: result: gawk
configure:2338: checking whether make sets $(MAKE)
configure:2359: result: yes
configure:2547: checking whether to enable maintainer-specific portions of Makefiles
configure:2556: result: no
configure:2629: checking for gcc
configure:2645: found /usr/lib64/ccache/gcc
configure:2656: result: gcc
configure:2894: checking for C compiler version
configure:2901: gcc --version >&5
gcc (GCC) 4.4.1 20090725 (Red Hat 4.4.1-2)
Copyright (C) 2009 Free Software Foundation, Inc.
This is free software; see the source for copying conditions.  There is NO
warranty; not even for MERCHANTABILITY or FITNESS FOR A PARTICULAR PURPOSE.

configure:2904: $? = 0
configure:2911: gcc -v >&5
Using built-in specs.
Target: x86_64-redhat-linux
Configured with: ../configure --prefix=/usr --mandir=/usr/share/man --infodir=/usr/share/info --with-bugurl=http://bugzilla.redhat.com/bugzilla --enable-bootstrap --enable-shared --enable-threads=posix --enable-checking=release --with-system-zlib --enable-__cxa_atexit --disable-libunwind-exceptions --enable-languages=c,c++,objc,obj-c++,java,fortran,ada --enable-java-awt=gtk --disable-dssi --enable-plugin --with-java-home=/usr/lib/jvm/java-1.5.0-gcj-1.5.0.0/jre --enable-libgcj-multifile --enable-java-maintainer-mode --with-ecj-jar=/usr/share/java/eclipse-ecj.jar --disable-libjava-multilib --with-ppl --with-cloog --with-tune=generic --with-arch_32=i586 --build=x86_64-redhat-linux
Thread model: posix
gcc version 4.4.1 20090725 (Red Hat 4.4.1-2) (GCC) 
configure:2914: $? = 0
configure:2921: gcc -V >&5
gcc: '-V' option must have argument
configure:2924: $? = 1
configure:2947: checking for C compiler default output file name
configure:2974: gcc   -static conftest.c  >&5
configure:2977: $? = 0
configure:3015: result: a.out
configure:3032: checking whether the C compiler works
configure:3042: ./a.out
configure:3045: $? = 0
configure:3062: result: yes
configure:3069: checking whether we are cross compiling
configure:3071: result: no
configure:3074: checking for suffix of executables
configure:3081: gcc -o conftest   -static conftest.c  >&5
configure:3084: $? = 0
configure:3108: result: 
configure:3114: checking for suffix of object files
configure:3140: gcc -c   conftest.c >&5
configure:3143: $? = 0
configure:3166: result: o
configure:3170: checking whether we are using the GNU C compiler
configure:3199: gcc -c   conftest.c >&5
configure:3205: $? = 0
configure:3222: result: yes
configure:3227: checking whether gcc accepts -g
configure:3257: gcc -c -g  conftest.c >&5
configure:3263: $? = 0
configure:3362: result: yes
configure:3379: checking for gcc option to accept ISO C89
configure:3453: gcc  -c -g -O2  conftest.c >&5
configure:3459: $? = 0
configure:3482: result: none needed
configure:3511: checking for style of include used by make
configure:3539: result: GNU
configure:3564: checking dependency style of gcc
configure:3655: result: gcc3
configure:3670: checking for gcc option to accept ISO C99
configure:3829: gcc  -c -g -O2  conftest.c >&5
conftest.c:60: error: expected ';', ',' or ')' before 'text'
conftest.c: In function 'main':
conftest.c:114: error: expected '=', ',', ';', 'asm' or '__attribute__' before 'newvar'
conftest.c:114: error: 'newvar' undeclared (first use in this function)
conftest.c:114: error: (Each undeclared identifier is reported only once
conftest.c:114: error: for each function it appears in.)
conftest.c:124: error: 'for' loop initial declarations are only allowed in C99 mode
conftest.c:124: note: use option -std=c99 or -std=gnu99 to compile your code
configure:3835: $? = 1
configure: failed program was:
| /* confdefs.h.  */
| #define PACKAGE_NAME "openocd"
| #define PACKAGE_TARNAME "openocd"
| #define PACKAGE_VERSION "0.4.0"
| #define PACKAGE_STRING "openocd 0.4.0"
| #define PACKAGE_BUGREPORT "OpenOCD Mailing List <openocd-development@lists.berlios.de>"
| #define PACKAGE "openocd"
| #define VERSION "0.4.0"
| /* end confdefs.h.  */
| #include <stdarg.h>
| #include <stdbool.h>
| #include <stdlib.h>
| #include <wchar.h>
| #include <stdio.h>
| 
| // Check varargs macros.  These examples are taken from C99 6.10.3.5.
| #define debug(...) fprintf (stderr, __VA_ARGS__)
| #define showlist(...) puts (#__VA_ARGS__)
| #define report(test,...) ((test) ? puts (#test) : printf (__VA_ARGS__))
| static void
| test_varargs_macros (void)
| {
|   int x = 1234;
|   int y = 5678;
|   debug ("Flag");
|   debug ("X = %d\n", x);
|   showlist (The first, second, and third items.);
|   report (x>y, "x is %d but y is %d", x, y);
| }
| 
| // Check long long types.
| #define BIG64 18446744073709551615ull
| #define BIG32 4294967295ul
| #define BIG_OK (BIG64 / BIG32 == 4294967297ull && BIG64 % BIG32 == 0)
| #if !BIG_OK
|   your preprocessor is broken;
| #endif
| #if BIG_OK
| #else
|   your preprocessor is broken;
| #endif
| static long long int bignum = -9223372036854775807LL;
| static unsigned long long int ubignum = BIG64;
| 
| struct incomplete_array
| {
|   int datasize;
|   double data[];
| };
| 
| struct named_init {
|   int number;
|   const wchar_t *name;
|   double average;
| };
| 
| typedef const char *ccp;
| 
| static inline int
| test_restrict (ccp restrict text)
| {
|   // See if C++-style comments work.
|   // Iterate through items via the restricted pointer.
|   // Also check for declarations in for loops.
|   for (unsigned int i = 0; *(text+i) != '\0'; ++i)
|     continue;
|   return 0;
| }
| 
| // Check varargs and va_copy.
| static void
| test_varargs (const char *format, ...)
| {
|   va_list args;
|   va_start (args, format);
|   va_list args_copy;
|   va_copy (args_copy, args);
| 
|   const char *str;
|   int number;
|   float fnumber;
| 
|   while (*format)
|     {
|       switch (*format++)
| 	{
| 	case 's': // string
| 	  str = va_arg (args_copy, const char *);
| 	  break;
| 	case 'd': // int
| 	  number = va_arg (args_copy, int);
| 	  break;
| 	case 'f': // float
| 	  fnumber = va_arg (args_copy, double);
| 	  break;
| 	default:
| 	  break;
| 	}
|     }
|   va_end (args_copy);
|   va_end (args);
| }
| 
| int
| main ()
| {
| 
|   // Check bool.
|   _Bool success = false;
| 
|   // Check restrict.
|   if (test_restrict ("String literal") == 0)
|     success = true;
|   char *restrict newvar = "Another string";
| 
|   // Check varargs.
|   test_varargs ("s, d' f .", "string", 65, 34.234);
|   test_varargs_macros ();
| 
|   // Check flexible array members.
|   struct incomplete_array *ia =
|     malloc (sizeof (struct incomplete_array) + (sizeof (double) * 10));
|   ia->datasize = 10;
|   for (int i = 0; i < ia->datasize; ++i)
|     ia->data[i] = i * 1.234;
| 
|   // Check named initializers.
|   struct named_init ni = {
|     .number = 34,
|     .name = L"Test wide string",
|     .average = 543.34343,
|   };
| 
|   ni.number = 58;
| 
|   int dynamic_array[ni.number];
|   dynamic_array[ni.number - 1] = 543;
| 
|   // work around unused variable warnings
|   return (!success || bignum == 0LL || ubignum == 0uLL || newvar[0] == 'x'
| 	  || dynamic_array[ni.number - 1] != 543);
| 
|   ;
|   return 0;
| }
configure:3829: gcc -std=gnu99 -c -g -O2  conftest.c >&5
configure:3835: $? = 0
configure:3865: result: -std=gnu99
configure:3872: checking whether gcc -std=gnu99 and cc understand -c and -o together
configure:3907: gcc -std=gnu99 -c conftest.c -o conftest2.o >&5
configure:3910: $? = 0
configure:3916: gcc -std=gnu99 -c conftest.c -o conftest2.o >&5
configure:3919: $? = 0
configure:3930: cc -c conftest.c >&5
configure:3933: $? = 0
configure:3941: cc -c conftest.c -o conftest2.o >&5
configure:3944: $? = 0
configure:3950: cc -c conftest.c -o conftest2.o >&5
configure:3953: $? = 0
configure:3971: result: yes
configure:4040: checking for ranlib
configure:4056: found /usr/bin/ranlib
configure:4067: result: ranlib
configure:4159: checking build system type
configure:4177: result: x86_64-unknown-linux-gnu
configure:4199: checking host system type
configure:4214: result: x86_64-unknown-linux-gnu
configure:4236: checking for a sed that does not truncate output
configure:4315: result: /bin/sed
configure:4333: checking for grep that handles long lines and -e
configure:4407: result: /bin/grep
configure:4412: checking for egrep
configure:4490: result: /bin/grep -E
configure:4495: checking for fgrep
configure:4573: result: /bin/grep -F
configure:4608: checking for ld used by gcc -std=gnu99
configure:4675: result: /usr/bin/ld
configure:4684: checking if the linker (/usr/bin/ld) is GNU ld
configure:4699: result: yes
configure:4711: checking for BSD- or MS-compatible name lister (nm)
configure:4760: result: /usr/bin/nm -B
configure:4882: checking the name lister (/usr/bin/nm -B) interface
configure:4889: gcc -std=gnu99 -c -g -O2  conftest.c >&5
configure:4892: /usr/bin/nm -B "conftest.o"
configure:4895: output
0000000000000000 B some_variable
configure:4902: result: BSD nm
configure:4905: checking whether ln -s works
configure:4909: result: yes
configure:4917: checking the maximum length of command line arguments
configure:5037: result: 1966080
configure:5054: checking whether the shell understands some XSI constructs
configure:5064: result: yes
configure:5068: checking whether the shell understands "+="
configure:5074: result: yes
configure:5109: checking for /usr/bin/ld option to reload object files
configure:5116: result: -r
configure:5143: checking how to recognize dependent libraries
configure:5333: result: pass_all
configure:5393: checking for ar
configure:5409: found /usr/bin/ar
configure:5420: result: ar
configure:5502: checking for strip
configure:5518: found /usr/bin/strip
configure:5529: result: strip
configure:5605: checking for ranlib
configure:5632: result: ranlib
configure:5726: checking command to parse /usr/bin/nm -B output from gcc -std=gnu99 object
configure:5844: gcc -std=gnu99 -c -g -O2  conftest.c >&5
configure:5847: $? = 0
configure:5851: /usr/bin/nm -B conftest.o \| sed -n -e 's/^.*[	 ]\([ABCDGIRSTW][ABCDGIRSTW]*\)[	 ][	 ]*\([_A-Za-z][_A-Za-z0-9]*\)$/\1 \2 \2/p' \> conftest.nm
configure:5854: $? = 0
configure:5908: gcc -std=gnu99 -o conftest -g -O2  -static conftest.c conftstm.o >&5
configure:5911: $? = 0
configure:5949: result: ok
configure:6045: gcc -std=gnu99 -c -g -O2  conftest.c >&5
configure:6048: $? = 0
configure:6828: checking how to run the C preprocessor
configure:6868: gcc -std=gnu99 -E  conftest.c
configure:6874: $? = 0
configure:6905: gcc -std=gnu99 -E  conftest.c
conftest.c:10:28: error: ac_nonexistent.h: No such file or directory
configure:6911: $? = 1
configure: failed program was:
| /* confdefs.h.  */
| #define PACKAGE_NAME "openocd"
| #define PACKAGE_TARNAME "openocd"
| #define PACKAGE_VERSION "0.4.0"
| #define PACKAGE_STRING "openocd 0.4.0"
| #define PACKAGE_BUGREPORT "OpenOCD Mailing List <openocd-development@lists.berlios.de>"
| #define PACKAGE "openocd"
| #define VERSION "0.4.0"
| /* end confdefs.h.  */
| #include <ac_nonexistent.h>
configure:6944: result: gcc -std=gnu99 -E
configure:6973: gcc -std=gnu99 -E  conftest.c
configure:6979: $? = 0
configure:7010: gcc -std=gnu99 -E  conftest.c
conftest.c:10:28: error: ac_nonexistent.h: No such file or directory
configure:7016: $? = 1
configure: failed program was:
| /* confdefs.h.  */
| #define PACKAGE_NAME "openocd"
| #define PACKAGE_TARNAME "openocd"
| #define PACKAGE_VERSION "0.4.0"
| #define PACKAGE_STRING "openocd 0.4.0"
| #define PACKAGE_BUGREPORT "OpenOCD Mailing List <openocd-development@lists.berlios.de>"
| #define PACKAGE "openocd"
| #define VERSION "0.4.0"
| /* end confdefs.h.  */
| #include <ac_nonexistent.h>
configure:7054: checking for ANSI C header files
configure:7084: gcc -std=gnu99 -c -g -O2  conftest.c >&5
configure:7090: $? = 0
configure:7189: gcc -std=gnu99 -o conftest -g -O2  -static conftest.c  >&5
configure:7192: $? = 0
configure:7198: ./conftest
configure:7201: $? = 0
configure:7218: result: yes
configure:7242: checking for sys/types.h
configure:7263: gcc -std=gnu99 -c -g -O2  conftest.c >&5
configure:7269: $? = 0
configure:7285: result: yes
configure:7242: checking for sys/stat.h
configure:7263: gcc -std=gnu99 -c -g -O2  conftest.c >&5
configure:7269: $? = 0
configure:7285: result: yes
configure:7242: checking for stdlib.h
configure:7263: gcc -std=gnu99 -c -g -O2  conftest.c >&5
configure:7269: $? = 0
configure:7285: result: yes
configure:7242: checking for string.h
configure:7263: gcc -std=gnu99 -c -g -O2  conftest.c >&5
configure:7269: $? = 0
configure:7285: result: yes
configure:7242: checking for memory.h
configure:7263: gcc -std=gnu99 -c -g -O2  conftest.c >&5
configure:7269: $? = 0
configure:7285: result: yes
configure:7242: checking for strings.h
configure:7263: gcc -std=gnu99 -c -g -O2  conftest.c >&5
configure:7269: $? = 0
configure:7285: result: yes
configure:7242: checking for inttypes.h
configure:7263: gcc -std=gnu99 -c -g -O2  conftest.c >&5
configure:7269: $? = 0
configure:7285: result: yes
configure:7242: checking for stdint.h
configure:7263: gcc -std=gnu99 -c -g -O2  conftest.c >&5
configure:7269: $? = 0
configure:7285: result: yes
configure:7242: checking for unistd.h
configure:7263: gcc -std=gnu99 -c -g -O2  conftest.c >&5
configure:7269: $? = 0
configure:7285: result: yes
configure:7301: checking for dlfcn.h
configure:7322: gcc -std=gnu99 -c -g -O2  conftest.c >&5
configure:7328: $? = 0
configure:7344: result: yes
configure:7498: checking for objdir
configure:7513: result: .libs
configure:7805: checking if gcc -std=gnu99 supports -fno-rtti -fno-exceptions
configure:7823: gcc -std=gnu99 -c -g -O2  -fno-rtti -fno-exceptions conftest.c >&5
cc1: warning: command line option "-fno-rtti" is valid for C++/ObjC++ but not for C
cc1: warning: command line option "-fno-rtti" is valid for C++/ObjC++ but not for C
configure:7827: $? = 0
configure:7840: result: no
configure:7860: checking for gcc -std=gnu99 option to produce PIC
configure:8117: result: -fPIC -DPIC
configure:8129: checking if gcc -std=gnu99 PIC flag -fPIC -DPIC works
configure:8147: gcc -std=gnu99 -c -g -O2  -fPIC -DPIC -DPIC conftest.c >&5
configure:8151: $? = 0
configure:8164: result: yes
configure:8188: checking if gcc -std=gnu99 static flag -static works
configure:8216: result: yes
configure:8231: checking if gcc -std=gnu99 supports -c -o file.o
configure:8252: gcc -std=gnu99 -c -g -O2  -o out/conftest2.o conftest.c >&5
configure:8256: $? = 0
configure:8278: result: yes
configure:8286: checking if gcc -std=gnu99 supports -c -o file.o
configure:8333: result: yes
configure:8366: checking whether the gcc -std=gnu99 linker (/usr/bin/ld -m elf_x86_64) supports shared libraries
configure:9421: result: yes
configure:9660: checking dynamic linker characteristics
configure:10103: gcc -std=gnu99 -o conftest -g -O2  -static -Wl,-rpath -Wl,/foo conftest.c  >&5
configure:10109: $? = 0
configure:10351: result: GNU/Linux ld.so
configure:10453: checking how to hardcode library paths into programs
configure:10478: result: immediate
configure:11291: checking whether stripping libraries is possible
configure:11296: result: yes
configure:11331: checking if libtool supports shared libraries
configure:11333: result: yes
configure:11336: checking whether to build shared libraries
configure:11357: result: no
configure:11360: checking whether to build static libraries
configure:11364: result: yes
configure:11402: checking for an ANSI C-conforming const
configure:11477: gcc -std=gnu99 -c -g -O2  conftest.c >&5
configure:11483: $? = 0
configure:11498: result: yes
configure:11509: checking for long long int
configure:11559: gcc -std=gnu99 -o conftest -g -O2  -static conftest.c  >&5
configure:11565: $? = 0
configure:11610: gcc -std=gnu99 -o conftest -g -O2  -static conftest.c  >&5
configure:11613: $? = 0
configure:11619: ./conftest
configure:11622: $? = 0
configure:11647: result: yes
configure:11659: checking for library containing ioperm
configure:11700: gcc -std=gnu99 -o conftest -g -O2  -static conftest.c  >&5
configure:11706: $? = 0
configure:11734: result: none required
configure:11742: checking for library containing dlopen
configure:11783: gcc -std=gnu99 -o conftest -g -O2  -static conftest.c  >&5
/tmp/cckmKmZc.o: In function `main':
/home/mario/Mario/mario/TEST/Programmers/openocd-0.4.0/conftest.c:34: undefined reference to `dlopen'
collect2: ld returned 1 exit status
configure:11789: $? = 1
configure: failed program was:
| /* confdefs.h.  */
| #define PACKAGE_NAME "openocd"
| #define PACKAGE_TARNAME "openocd"
| #define PACKAGE_VERSION "0.4.0"
| #define PACKAGE_STRING "openocd 0.4.0"
| #define PACKAGE_BUGREPORT "OpenOCD Mailing List <openocd-development@lists.berlios.de>"
| #define PACKAGE "openocd"
| #define VERSION "0.4.0"
| #define STDC_HEADERS 1
| #define HAVE_SYS_TYPES_H 1
| #define HAVE_SYS_STAT_H 1
| #define HAVE_STDLIB_H 1
| #define HAVE_STRING_H 1
| #define HAVE_MEMORY_H 1
| #define HAVE_STRINGS_H 1
| #define HAVE_INTTYPES_H 1
| #define HAVE_STDINT_H 1
| #define HAVE_UNISTD_H 1
| #define HAVE_DLFCN_H 1
| #define LT_OBJDIR ".libs/"
| #define HAVE_LONG_LONG_INT 1
| /* end confdefs.h.  */
| 
| /* Override any GCC internal prototype to avoid an error.
|    Use char because int might match the return type of a GCC
|    builtin and then its argument prototype would still apply.  */
| #ifdef __cplusplus
| extern "C"
| #endif
| char dlopen ();
| int
| main ()
| {
| return dlopen ();
|   ;
|   return 0;
| }
configure:11783: gcc -std=gnu99 -o conftest -g -O2  -static conftest.c -ldl   >&5
/tmp/ccyRLSYp.o: In function `main':
/home/mario/Mario/mario/TEST/Programmers/openocd-0.4.0/conftest.c:34: warning: Using 'dlopen' in statically linked applications requires at runtime the shared libraries from the glibc version used for linking
configure:11789: $? = 0
configure:11817: result: -ldl
configure:11841: checking sys/socket.h usability
configure:11858: gcc -std=gnu99 -c -g -O2  conftest.c >&5
configure:11864: $? = 0
configure:11878: result: yes
configure:11882: checking sys/socket.h presence
configure:11897: gcc -std=gnu99 -E  conftest.c
configure:11903: $? = 0
configure:11917: result: yes
configure:11950: checking for sys/socket.h
configure:11958: result: yes
configure:11975: checking for arpa/inet.h
configure:12008: gcc -std=gnu99 -c -g -O2  conftest.c >&5
configure:12014: $? = 0
configure:12030: result: yes
configure:12056: checking elf.h usability
configure:12073: gcc -std=gnu99 -c -g -O2  conftest.c >&5
configure:12079: $? = 0
configure:12093: result: yes
configure:12097: checking elf.h presence
configure:12112: gcc -std=gnu99 -E  conftest.c
configure:12118: $? = 0
configure:12132: result: yes
configure:12165: checking for elf.h
configure:12173: result: yes
configure:12201: checking dirent.h usability
configure:12218: gcc -std=gnu99 -c -g -O2  conftest.c >&5
configure:12224: $? = 0
configure:12238: result: yes
configure:12242: checking dirent.h presence
configure:12257: gcc -std=gnu99 -E  conftest.c
configure:12263: $? = 0
configure:12277: result: yes
configure:12310: checking for dirent.h
configure:12318: result: yes
configure:12346: checking fcntl.h usability
configure:12363: gcc -std=gnu99 -c -g -O2  conftest.c >&5
configure:12369: $? = 0
configure:12383: result: yes
configure:12387: checking fcntl.h presence
configure:12402: gcc -std=gnu99 -E  conftest.c
configure:12408: $? = 0
configure:12422: result: yes
configure:12455: checking for fcntl.h
configure:12463: result: yes
configure:12480: checking for ifaddrs.h
configure:12513: gcc -std=gnu99 -c -g -O2  conftest.c >&5
configure:12519: $? = 0
configure:12535: result: yes
configure:12561: checking malloc.h usability
configure:12578: gcc -std=gnu99 -c -g -O2  conftest.c >&5
configure:12584: $? = 0
configure:12598: result: yes
configure:12602: checking malloc.h presence
configure:12617: gcc -std=gnu99 -E  conftest.c
configure:12623: $? = 0
configure:12637: result: yes
configure:12670: checking for malloc.h
configure:12678: result: yes
configure:12706: checking netdb.h usability
configure:12723: gcc -std=gnu99 -c -g -O2  conftest.c >&5
configure:12729: $? = 0
configure:12743: result: yes
configure:12747: checking netdb.h presence
configure:12762: gcc -std=gnu99 -E  conftest.c
configure:12768: $? = 0
configure:12782: result: yes
configure:12815: checking for netdb.h
configure:12823: result: yes
configure:12840: checking for netinet/in.h
configure:12873: gcc -std=gnu99 -c -g -O2  conftest.c >&5
configure:12879: $? = 0
configure:12895: result: yes
configure:12910: checking for netinet/tcp.h
configure:12943: gcc -std=gnu99 -c -g -O2  conftest.c >&5
configure:12949: $? = 0
configure:12965: result: yes
configure:12991: checking pthread.h usability
configure:13008: gcc -std=gnu99 -c -g -O2  conftest.c >&5
configure:13014: $? = 0
configure:13028: result: yes
configure:13032: checking pthread.h presence
configure:13047: gcc -std=gnu99 -E  conftest.c
configure:13053: $? = 0
configure:13067: result: yes
configure:13100: checking for pthread.h
configure:13108: result: yes
configure:13126: checking for strings.h
configure:13132: result: yes
configure:13281: checking sys/ioctl.h usability
configure:13298: gcc -std=gnu99 -c -g -O2  conftest.c >&5
configure:13304: $? = 0
configure:13318: result: yes
configure:13322: checking sys/ioctl.h presence
configure:13337: gcc -std=gnu99 -E  conftest.c
configure:13343: $? = 0
configure:13357: result: yes
configure:13390: checking for sys/ioctl.h
configure:13398: result: yes
configure:13426: checking sys/param.h usability
configure:13443: gcc -std=gnu99 -c -g -O2  conftest.c >&5
configure:13449: $? = 0
configure:13463: result: yes
configure:13467: checking sys/param.h presence
configure:13482: gcc -std=gnu99 -E  conftest.c
configure:13488: $? = 0
configure:13502: result: yes
configure:13535: checking for sys/param.h
configure:13543: result: yes
configure:13571: checking sys/poll.h usability
configure:13588: gcc -std=gnu99 -c -g -O2  conftest.c >&5
configure:13594: $? = 0
configure:13608: result: yes
configure:13612: checking sys/poll.h presence
configure:13627: gcc -std=gnu99 -E  conftest.c
configure:13633: $? = 0
configure:13647: result: yes
configure:13680: checking for sys/poll.h
configure:13688: result: yes
configure:13716: checking sys/select.h usability
configure:13733: gcc -std=gnu99 -c -g -O2  conftest.c >&5
configure:13739: $? = 0
configure:13753: result: yes
configure:13757: checking sys/select.h presence
configure:13772: gcc -std=gnu99 -E  conftest.c
configure:13778: $? = 0
configure:13792: result: yes
configure:13825: checking for sys/select.h
configure:13833: result: yes
configure:13851: checking for sys/stat.h
configure:13857: result: yes
configure:14006: checking sys/time.h usability
configure:14023: gcc -std=gnu99 -c -g -O2  conftest.c >&5
configure:14029: $? = 0
configure:14043: result: yes
configure:14047: checking sys/time.h presence
configure:14062: gcc -std=gnu99 -E  conftest.c
configure:14068: $? = 0
configure:14082: result: yes
configure:14115: checking for sys/time.h
configure:14123: result: yes
configure:14141: checking for sys/types.h
configure:14147: result: yes
configure:14286: checking for unistd.h
configure:14292: result: yes
configure:14430: checking for net/if.h
configure:14463: gcc -std=gnu99 -c -g -O2  conftest.c >&5
configure:14469: $? = 0
configure:14485: result: yes
configure:14498: checking whether to enable assertions
configure:14510: result: yes
configure:14515: checking for stdbool.h that conforms to C99
configure:14608: gcc -std=gnu99 -c -g -O2  conftest.c >&5
configure:14614: $? = 0
configure:14629: result: yes
configure:14631: checking for _Bool
configure:14661: gcc -std=gnu99 -c -g -O2  conftest.c >&5
configure:14667: $? = 0
configure:14682: result: yes
configure:14701: checking whether time.h and sys/time.h may both be included
configure:14731: gcc -std=gnu99 -c -g -O2  conftest.c >&5
configure:14737: $? = 0
configure:14752: result: yes
configure:14763: checking whether byte ordering is bigendian
configure:14796: gcc -std=gnu99 -c -g -O2  conftest.c >&5
configure:14802: $? = 0
configure:14834: gcc -std=gnu99 -c -g -O2  conftest.c >&5
conftest.c: In function 'main':
conftest.c:54: error: 'not' undeclared (first use in this function)
conftest.c:54: error: (Each undeclared identifier is reported only once
conftest.c:54: error: for each function it appears in.)
conftest.c:54: error: expected ';' before 'big'
configure:14840: $? = 1
configure: failed program was:
| /* confdefs.h.  */
| #define PACKAGE_NAME "openocd"
| #define PACKAGE_TARNAME "openocd"
| #define PACKAGE_VERSION "0.4.0"
| #define PACKAGE_STRING "openocd 0.4.0"
| #define PACKAGE_BUGREPORT "OpenOCD Mailing List <openocd-development@lists.berlios.de>"
| #define PACKAGE "openocd"
| #define VERSION "0.4.0"
| #define STDC_HEADERS 1
| #define HAVE_SYS_TYPES_H 1
| #define HAVE_SYS_STAT_H 1
| #define HAVE_STDLIB_H 1
| #define HAVE_STRING_H 1
| #define HAVE_MEMORY_H 1
| #define HAVE_STRINGS_H 1
| #define HAVE_INTTYPES_H 1
| #define HAVE_STDINT_H 1
| #define HAVE_UNISTD_H 1
| #define HAVE_DLFCN_H 1
| #define LT_OBJDIR ".libs/"
| #define HAVE_LONG_LONG_INT 1
| #define HAVE_SYS_SOCKET_H 1
| #define HAVE_ARPA_INET_H 1
| #define HAVE_ELF_H 1
| #define HAVE_DIRENT_H 1
| #define HAVE_FCNTL_H 1
| #define HAVE_IFADDRS_H 1
| #define HAVE_MALLOC_H 1
| #define HAVE_NETDB_H 1
| #define HAVE_NETINET_IN_H 1
| #define HAVE_NETINET_TCP_H 1
| #define HAVE_PTHREAD_H 1
| #define HAVE_STRINGS_H 1
| #define HAVE_SYS_IOCTL_H 1
| #define HAVE_SYS_PARAM_H 1
| #define HAVE_SYS_POLL_H 1
| #define HAVE_SYS_SELECT_H 1
| #define HAVE_SYS_STAT_H 1
| #define HAVE_SYS_TIME_H 1
| #define HAVE_SYS_TYPES_H 1
| #define HAVE_UNISTD_H 1
| #define HAVE_NET_IF_H 1
| #define HAVE__BOOL 1
| #define HAVE_STDBOOL_H 1
| #define TIME_WITH_SYS_TIME 1
| /* end confdefs.h.  */
| #include <sys/types.h>
| #include <sys/param.h>
| 
| int
| main ()
| {
| #if BYTE_ORDER != BIG_ENDIAN
|  not big endian
| #endif
| 
|   ;
|   return 0;
| }
configure:14980: result: no
configure:15004: checking for strndup
configure:15060: gcc -std=gnu99 -o conftest -g -O2  -static conftest.c -ldl  >&5
conftest.c:70: warning: conflicting types for built-in function 'strndup'
configure:15066: $? = 0
configure:15084: result: yes
configure:15098: checking for strnlen
configure:15154: gcc -std=gnu99 -o conftest -g -O2  -static conftest.c -ldl  >&5
configure:15160: $? = 0
configure:15178: result: yes
configure:15192: checking for gettimeofday
configure:15248: gcc -std=gnu99 -o conftest -g -O2  -static conftest.c -ldl  >&5
configure:15254: $? = 0
configure:15272: result: yes
configure:15286: checking for usleep
configure:15342: gcc -std=gnu99 -o conftest -g -O2  -static conftest.c -ldl  >&5
configure:15348: $? = 0
configure:15366: result: yes
configure:15380: checking for vasprintf
configure:15436: gcc -std=gnu99 -o conftest -g -O2  -static conftest.c -ldl  >&5
configure:15442: $? = 0
configure:15460: result: yes
configure:15481: checking for "./guess-rev.sh"
configure:15497: result: no
configure:15506: checking whether to build a release
configure:15513: result: yes
configure:15680: checking whether to build Doxygen as HTML
configure:15682: result: yes
configure:15693: checking whether to build Doxygen as PDF
configure:15695: result: no
configure:15754: checking whether to enable verbose JTAG I/O messages
configure:15756: result: no
configure:15766: checking whether to enable verbose USB I/O messages
configure:15768: result: no
configure:15778: checking whether to enable verbose USB communication messages
configure:15780: result: no
configure:15798: checking whether to enable malloc free space logging
configure:15800: result: no
configure:16022: checking whether to enable ZY1000 minidriver
configure:16037: result: no
configure:16041: checking whether to enable dummy minidriver
configure:16061: result: no
configure:16064: checking whether standard drivers can be built
configure:16073: result: yes
configure:17275: checking Build & Link with libftdi...
configure:17316: gcc -std=gnu99 -o conftest -g -O2  -static conftest.c -ldl  -lftdi -lusb >&5
configure:17319: $? = 0
configure:17325: ./conftest
configure:17328: $? = 0
configure:17331: result: Success
configure:17351: checking for libftdi highspeed device support
configure:17366: gcc -std=gnu99 -c -g -O2  conftest.c >&5
configure:17372: $? = 0
configure:17395: result: yes
configure:17832: checking for environ in unistd.h and stdlib.h
configure:17848: gcc -std=gnu99 -c -g -O2  conftest.c >&5
configure:17854: $? = 0
configure:17860: result: yes
configure:17957: checking for a C compiler for build tools
configure:18008: result: gcc -std=gnu99
configure:18013: checking for suffix of executable build tools
configure:18044: result: 
configure:18402: creating ./config.status

## ---------------------- ##
## Running config.status. ##
## ---------------------- ##

This file was extended by openocd config.status 0.4.0, which was
generated by GNU Autoconf 2.61.  Invocation command line was

  CONFIG_FILES    = 
  CONFIG_HEADERS  = 
  CONFIG_LINKS    = 
  CONFIG_COMMANDS = 
  $ ./config.status 

on orbax

config.status:934: creating Makefile
config.status:934: creating src/Makefile
config.status:934: creating src/helper/Makefile
config.status:934: creating src/jtag/Makefile
config.status:934: creating src/jtag/drivers/Makefile
config.status:934: creating src/xsvf/Makefile
config.status:934: creating src/svf/Makefile
config.status:934: creating src/target/Makefile
config.status:934: creating src/server/Makefile
config.status:934: creating src/flash/Makefile
config.status:934: creating src/flash/nor/Makefile
config.status:934: creating src/flash/nand/Makefile
config.status:934: creating src/pld/Makefile
config.status:934: creating doc/Makefile
config.status:934: creating config.h
config.status:1229: config.h is unchanged
config.status:1276: executing depfiles commands
config.status:1276: executing libtool commands

## ---------------- ##
## Cache variables. ##
## ---------------- ##

ac_cv_build=x86_64-unknown-linux-gnu
ac_cv_c_bigendian=no
ac_cv_c_compiler_gnu=yes
ac_cv_c_const=yes
ac_cv_env_CC_set=
ac_cv_env_CC_value=
ac_cv_env_CFLAGS_set=
ac_cv_env_CFLAGS_value=
ac_cv_env_CPPFLAGS_set=
ac_cv_env_CPPFLAGS_value=
ac_cv_env_CPP_set=
ac_cv_env_CPP_value=
ac_cv_env_LDFLAGS_set=set
ac_cv_env_LDFLAGS_value=-static
ac_cv_env_LIBS_set=
ac_cv_env_LIBS_value=
ac_cv_env_build_alias_set=
ac_cv_env_build_alias_value=
ac_cv_env_host_alias_set=
ac_cv_env_host_alias_value=
ac_cv_env_target_alias_set=
ac_cv_env_target_alias_value=
ac_cv_file___guess_rev_sh=no
ac_cv_func_gettimeofday=yes
ac_cv_func_strndup=yes
ac_cv_func_strnlen=yes
ac_cv_func_usleep=yes
ac_cv_func_vasprintf=yes
ac_cv_header_arpa_inet_h=yes
ac_cv_header_dirent_h=yes
ac_cv_header_dlfcn_h=yes
ac_cv_header_elf_h=yes
ac_cv_header_fcntl_h=yes
ac_cv_header_ifaddrs_h=yes
ac_cv_header_inttypes_h=yes
ac_cv_header_malloc_h=yes
ac_cv_header_memory_h=yes
ac_cv_header_net_if_h=yes
ac_cv_header_netdb_h=yes
ac_cv_header_netinet_in_h=yes
ac_cv_header_netinet_tcp_h=yes
ac_cv_header_pthread_h=yes
ac_cv_header_stdbool_h=yes
ac_cv_header_stdc=yes
ac_cv_header_stdint_h=yes
ac_cv_header_stdlib_h=yes
ac_cv_header_string_h=yes
ac_cv_header_strings_h=yes
ac_cv_header_sys_ioctl_h=yes
ac_cv_header_sys_param_h=yes
ac_cv_header_sys_poll_h=yes
ac_cv_header_sys_select_h=yes
ac_cv_header_sys_socket_h=yes
ac_cv_header_sys_stat_h=yes
ac_cv_header_sys_time_h=yes
ac_cv_header_sys_types_h=yes
ac_cv_header_time=yes
ac_cv_header_unistd_h=yes
ac_cv_host=x86_64-unknown-linux-gnu
ac_cv_objext=o
ac_cv_path_EGREP='/bin/grep -E'
ac_cv_path_FGREP='/bin/grep -F'
ac_cv_path_GREP=/bin/grep
ac_cv_path_SED=/bin/sed
ac_cv_path_install='/usr/bin/install -c'
ac_cv_path_mkdir=/bin/mkdir
ac_cv_prog_AWK=gawk
ac_cv_prog_CPP='gcc -std=gnu99 -E'
ac_cv_prog_ac_ct_AR=ar
ac_cv_prog_ac_ct_CC=gcc
ac_cv_prog_ac_ct_RANLIB=ranlib
ac_cv_prog_ac_ct_STRIP=strip
ac_cv_prog_cc_c89=
ac_cv_prog_cc_c99=-std=gnu99
ac_cv_prog_cc_g=yes
ac_cv_prog_cc_gcc_c_o=yes
ac_cv_prog_make_make_set=yes
ac_cv_search_dlopen=-ldl
ac_cv_search_ioperm='none required'
ac_cv_type__Bool=yes
ac_cv_type_long_long_int=yes
am_cv_CC_dependencies_compiler_type=gcc3
lt_cv_deplibs_check_method=pass_all
lt_cv_file_magic_cmd='$MAGIC_CMD'
lt_cv_file_magic_test_file=
lt_cv_ld_reload_flag=-r
lt_cv_nm_interface='BSD nm'
lt_cv_objdir=.libs
lt_cv_path_LD=/usr/bin/ld
lt_cv_path_NM='/usr/bin/nm -B'
lt_cv_prog_compiler_c_o=yes
lt_cv_prog_compiler_pic_works=yes
lt_cv_prog_compiler_rtti_exceptions=no
lt_cv_prog_compiler_static_works=yes
lt_cv_prog_gnu_ld=yes
lt_cv_sys_global_symbol_pipe='sed -n -e '\''s/^.*[	 ]\([ABCDGIRSTW][ABCDGIRSTW]*\)[	 ][	 ]*\([_A-Za-z][_A-Za-z0-9]*\)$/\1 \2 \2/p'\'''
lt_cv_sys_global_symbol_to_c_name_address='sed -n -e '\''s/^: \([^ ]*\) $/  {\"\1\", (void *) 0},/p'\'' -e '\''s/^[ABCDGIRSTW]* \([^ ]*\) \([^ ]*\)$/  {"\2", (void *) \&\2},/p'\'''
lt_cv_sys_global_symbol_to_c_name_address_lib_prefix='sed -n -e '\''s/^: \([^ ]*\) $/  {\"\1\", (void *) 0},/p'\'' -e '\''s/^[ABCDGIRSTW]* \([^ ]*\) \(lib[^ ]*\)$/  {"\2", (void *) \&\2},/p'\'' -e '\''s/^[ABCDGIRSTW]* \([^ ]*\) \([^ ]*\)$/  {"lib\2", (void *) \&\2},/p'\'''
lt_cv_sys_global_symbol_to_cdecl='sed -n -e '\''s/^T .* \(.*\)$/extern int \1();/p'\'' -e '\''s/^[ABCDGIRSTW]* .* \(.*\)$/extern char \1;/p'\'''
lt_cv_sys_max_cmd_len=1966080

## ----------------- ##
## Output variables. ##
## ----------------- ##

ACLOCAL='${SHELL} /home/mario/Mario/mario/TEST/Programmers/openocd-0.4.0/missing --run aclocal-1.10'
AMDEPBACKSLASH='\'
AMDEP_FALSE='#'
AMDEP_TRUE=''
AMTAR='${SHELL} /home/mario/Mario/mario/TEST/Programmers/openocd-0.4.0/missing --run tar'
AMTJTAGACCEL_FALSE=''
AMTJTAGACCEL_TRUE='#'
AR='ar'
ARMJTAGEW_FALSE=''
ARMJTAGEW_TRUE='#'
AT91RM9200_FALSE=''
AT91RM9200_TRUE='#'
AUTOCONF='${SHELL} /home/mario/Mario/mario/TEST/Programmers/openocd-0.4.0/missing --run autoconf'
AUTOHEADER='${SHELL} /home/mario/Mario/mario/TEST/Programmers/openocd-0.4.0/missing --run autoheader'
AUTOMAKE='${SHELL} /home/mario/Mario/mario/TEST/Programmers/openocd-0.4.0/missing --run automake-1.10'
AWK='gawk'
BITBANG_FALSE=''
BITBANG_TRUE='#'
BITQ_FALSE=''
BITQ_TRUE='#'
CC='gcc -std=gnu99'
CCDEPMODE='depmode=gcc3'
CC_FOR_BUILD='gcc -std=gnu99'
CFLAGS='-g -O2 -Wall -Wstrict-prototypes -Wformat-security -Wextra -Wno-unused-parameter -Wbad-function-cast -Wcast-align -Wredundant-decls -Werror'
CFLAGS_FOR_BUILD='-g -O2 -Wall -Wstrict-prototypes -Wformat-security -Wextra -Wno-unused-parameter -Wbad-function-cast -Wcast-align -Wredundant-decls -Werror'
CPP='gcc -std=gnu99 -E'
CPPFLAGS=''
CYGPATH_W='echo'
DEFS='-DHAVE_CONFIG_H'
DEPDIR='.deps'
DSYMUTIL=''
DUMMY_FALSE=''
DUMMY_TRUE='#'
DUMPBIN=''
ECHO_C=''
ECHO_N='-n'
ECHO_T=''
ECOSBOARD_FALSE=''
ECOSBOARD_TRUE='#'
EGREP='/bin/grep -E'
EP93XX_FALSE=''
EP93XX_TRUE='#'
EXEEXT=''
EXEEXT_FOR_BUILD=''
FGREP='/bin/grep -F'
FT2232_DRIVER_FALSE='#'
FT2232_DRIVER_TRUE=''
FT2232_LIBFTDI_FALSE='#'
FT2232_LIBFTDI_TRUE=''
GIVEIO_FALSE=''
GIVEIO_TRUE='#'
GREP='/bin/grep'
GW16012_FALSE=''
GW16012_TRUE='#'
HTTPD_FALSE=''
HTTPD_TRUE='#'
INSTALL_DATA='${INSTALL} -m 644'
INSTALL_PROGRAM='${INSTALL}'
INSTALL_SCRIPT='${INSTALL}'
INSTALL_STRIP_PROGRAM='$(install_sh) -c -s'
IOUTIL_FALSE=''
IOUTIL_TRUE='#'
IS_CYGWIN_FALSE=''
IS_CYGWIN_TRUE='#'
IS_DARWIN_FALSE=''
IS_DARWIN_TRUE='#'
IS_MINGW_FALSE=''
IS_MINGW_TRUE='#'
IS_WIN32_FALSE=''
IS_WIN32_TRUE='#'
JLINK_FALSE=''
JLINK_TRUE='#'
LD='/usr/bin/ld -m elf_x86_64'
LDFLAGS='-static'
LIBOBJS=''
LIBS='-ldl  -lftdi -lusb'
LIBTOOL='$(SHELL) $(top_builddir)/libtool'
LIBTOOL_DEPS='./ltmain.sh'
LIPO=''
LN_S='ln -s'
LTLIBOBJS=''
MAINT='#'
MAINTAINER_MODE_FALSE=''
MAINTAINER_MODE_TRUE='#'
MAKEINFO='${SHELL} /home/mario/Mario/mario/TEST/Programmers/openocd-0.4.0/missing --run makeinfo'
MINIDRIVER_DUMMY_FALSE=''
MINIDRIVER_DUMMY_TRUE='#'
MINIDRIVER_FALSE=''
MINIDRIVER_TRUE='#'
NM='/usr/bin/nm -B'
NMEDIT=''
OBJEXT='o'
OOCD_TRACE_FALSE=''
OOCD_TRACE_TRUE='#'
OTOOL64=''
OTOOL=''
PACKAGE='openocd'
PACKAGE_BUGREPORT='OpenOCD Mailing List <openocd-development@lists.berlios.de>'
PACKAGE_NAME='openocd'
PACKAGE_STRING='openocd 0.4.0'
PACKAGE_TARNAME='openocd'
PACKAGE_VERSION='0.4.0'
PARPORT_FALSE=''
PARPORT_TRUE='#'
PATH_SEPARATOR=':'
PRESTO_DRIVER_FALSE=''
PRESTO_DRIVER_TRUE='#'
PRESTO_LIBFTDI_FALSE=''
PRESTO_LIBFTDI_TRUE='#'
RANLIB='ranlib'
RELEASE_FALSE='#'
RELEASE_TRUE=''
RLINK_FALSE=''
RLINK_TRUE='#'
SED='/bin/sed'
SET_MAKE=''
SHELL='/bin/sh'
STRIP='strip'
USBPROG_FALSE=''
USBPROG_TRUE='#'
USB_BLASTER_DRIVER_FALSE=''
USB_BLASTER_DRIVER_TRUE='#'
USB_BLASTER_LIBFTDI_FALSE=''
USB_BLASTER_LIBFTDI_TRUE='#'
USB_FALSE=''
USB_TRUE='#'
VERSION='0.4.0'
VSLLINK_FALSE=''
VSLLINK_TRUE='#'
ZY1000_FALSE=''
ZY1000_TRUE='#'
ac_ct_CC='gcc'
ac_ct_DUMPBIN=''
am__fastdepCC_FALSE='#'
am__fastdepCC_TRUE=''
am__include='include'
am__isrc=''
am__leading_dot='.'
am__quote=''
am__tar='${AMTAR} chof - "$$tardir"'
am__untar='${AMTAR} xf -'
bindir='${exec_prefix}/bin'
build='x86_64-unknown-linux-gnu'
build_alias=''
build_cpu='x86_64'
build_os='linux-gnu'
build_vendor='unknown'
datadir='${datarootdir}'
datarootdir='${prefix}/share'
docdir='${datarootdir}/doc/${PACKAGE_TARNAME}'
doxygen_as_html='yes'
doxygen_as_pdf='no'
dvidir='${docdir}'
exec_prefix='${prefix}'
host='x86_64-unknown-linux-gnu'
host_alias=''
host_cpu='x86_64'
host_os='linux-gnu'
host_vendor='unknown'
htmldir='${docdir}'
includedir='${prefix}/include'
infodir='${datarootdir}/info'
install_sh='$(SHELL) /home/mario/Mario/mario/TEST/Programmers/openocd-0.4.0/install-sh'
libdir='${exec_prefix}/lib'
libexecdir='${exec_prefix}/libexec'
localedir='${datarootdir}/locale'
localstatedir='${prefix}/var'
lt_ECHO='echo'
mandir='${datarootdir}/man'
mkdir_p='/bin/mkdir -p'
oldincludedir='/usr/include'
pdfdir='${docdir}'
prefix='/usr/local'
program_transform_name='s,x,x,'
psdir='${docdir}'
sbindir='${exec_prefix}/sbin'
sharedstatedir='${prefix}/com'
sysconfdir='${prefix}/etc'
target_alias=''

## ----------- ##
## confdefs.h. ##
## ----------- ##

#define PACKAGE_NAME "openocd"
#define PACKAGE_TARNAME "openocd"
#define PACKAGE_VERSION "0.4.0"
#define PACKAGE_STRING "openocd 0.4.0"
#define PACKAGE_BUGREPORT "OpenOCD Mailing List <openocd-development@lists.berlios.de>"
#define PACKAGE "openocd"
#define VERSION "0.4.0"
#define STDC_HEADERS 1
#define HAVE_SYS_TYPES_H 1
#define HAVE_SYS_STAT_H 1
#define HAVE_STDLIB_H 1
#define HAVE_STRING_H 1
#define HAVE_MEMORY_H 1
#define HAVE_STRINGS_H 1
#define HAVE_INTTYPES_H 1
#define HAVE_STDINT_H 1
#define HAVE_UNISTD_H 1
#define HAVE_DLFCN_H 1
#define LT_OBJDIR ".libs/"
#define HAVE_LONG_LONG_INT 1
#define HAVE_SYS_SOCKET_H 1
#define HAVE_ARPA_INET_H 1
#define HAVE_ELF_H 1
#define HAVE_DIRENT_H 1
#define HAVE_FCNTL_H 1
#define HAVE_IFADDRS_H 1
#define HAVE_MALLOC_H 1
#define HAVE_NETDB_H 1
#define HAVE_NETINET_IN_H 1
#define HAVE_NETINET_TCP_H 1
#define HAVE_PTHREAD_H 1
#define HAVE_STRINGS_H 1
#define HAVE_SYS_IOCTL_H 1
#define HAVE_SYS_PARAM_H 1
#define HAVE_SYS_POLL_H 1
#define HAVE_SYS_SELECT_H 1
#define HAVE_SYS_STAT_H 1
#define HAVE_SYS_TIME_H 1
#define HAVE_SYS_TYPES_H 1
#define HAVE_UNISTD_H 1
#define HAVE_NET_IF_H 1
#define HAVE__BOOL 1
#define HAVE_STDBOOL_H 1
#define TIME_WITH_SYS_TIME 1
#define HAVE_STRNDUP 1
#define HAVE_STRNLEN 1
#define HAVE_GETTIMEOFDAY 1
#define HAVE_USLEEP 1
#define HAVE_VASPRINTF 1
#define IS_CYGWIN 0
#define IS_WIN32 0
#define IS_DARWIN 0
#define BUILD_PARPORT 0
#define BUILD_DUMMY 0
#define BUILD_EP93XX 0
#define BUILD_ECOSBOARD 0
#define BUILD_ZY1000 0
#define BUILD_AT91RM9200 0
#define PARPORT_USE_PPDEV 1
#define PARPORT_USE_GIVEIO 0
#define BUILD_BITBANG 0
#define BUILD_FT2232_LIBFTDI 1
#define BUILD_FT2232_FTD2XX 0
#define BUILD_USB_BLASTER_LIBFTDI 0
#define BUILD_USB_BLASTER_FTD2XX 0
#define BUILD_AMTJTAGACCEL 0
#define BUILD_GW16012 0
#define BUILD_PRESTO_LIBFTDI 0
#define BUILD_PRESTO_FTD2XX 0
#define BUILD_BITQ 0
#define BUILD_USBPROG 0
#define BUILD_OOCD_TRACE 0
#define BUILD_JLINK 0
#define BUILD_VSLLINK 0
#define BUILD_RLINK 0
#define BUILD_ARMJTAGEW 0
#define BUILD_FT2232_HIGHSPEED 1
#define _GNU_SOURCE 1

configure: exit 0
